2019-09-27 10:46:53.798 [http-nio-9090-exec-6] DEBUG c.j.bimvr.dao.mapper.VersionMapper.checkVersion - ==>  Preparing: SELECT version, content, downloadurl, updateflag, updatetime, createtime FROM version ORDER BY createtime DESC LIMIT 1 
2019-09-27 10:46:53.825 [http-nio-9090-exec-6] DEBUG c.j.bimvr.dao.mapper.VersionMapper.checkVersion - ==> Parameters: 
2019-09-27 10:46:53.850 [http-nio-9090-exec-6] DEBUG c.j.bimvr.dao.mapper.VersionMapper.checkVersion - <==      Total: 1
2019-09-27 10:46:54.814 [http-nio-9090-exec-10] DEBUG c.jhbim.bimvr.dao.mapper.UserMapper.findByUserName - ==>  Preparing: select user_id, user_name, company_id, role_id, password, salt, name, phone, create_time, update_time, version, login_flag, open_id from user where user_name = ? 
2019-09-27 10:46:54.817 [http-nio-9090-exec-10] DEBUG c.jhbim.bimvr.dao.mapper.UserMapper.findByUserName - ==> Parameters: guest(String)
2019-09-27 10:46:54.828 [http-nio-9090-exec-10] DEBUG c.jhbim.bimvr.dao.mapper.UserMapper.findByUserName - <==      Total: 1
2019-09-27 10:46:55.219 [http-nio-9090-exec-3] DEBUG c.j.bimvr.dao.mapper.ProjectMapper.getProjectId - ==>  Preparing: SELECT project_id FROM company_project WHERE company_id = ? 
2019-09-27 10:46:55.220 [http-nio-9090-exec-3] DEBUG c.j.bimvr.dao.mapper.ProjectMapper.getProjectId - ==> Parameters: 1(Long)
2019-09-27 10:46:55.228 [http-nio-9090-exec-3] DEBUG c.j.bimvr.dao.mapper.ProjectMapper.getProjectId - <==      Total: 4
2019-09-27 10:46:55.229 [http-nio-9090-exec-3] DEBUG c.jhbim.bimvr.dao.mapper.ProjectMapper.getProject - ==>  Preparing: SELECT * FROM project WHERE project_id = ? 
2019-09-27 10:46:55.229 [http-nio-9090-exec-3] DEBUG c.jhbim.bimvr.dao.mapper.ProjectMapper.getProject - ==> Parameters: 2(Long)
2019-09-27 10:46:55.236 [http-nio-9090-exec-3] DEBUG c.jhbim.bimvr.dao.mapper.ProjectMapper.getProject - <==      Total: 1
2019-09-27 10:46:55.237 [http-nio-9090-exec-3] DEBUG c.jhbim.bimvr.dao.mapper.ProjectMapper.getProject - ==>  Preparing: SELECT * FROM project WHERE project_id = ? 
2019-09-27 10:46:55.238 [http-nio-9090-exec-3] DEBUG c.jhbim.bimvr.dao.mapper.ProjectMapper.getProject - ==> Parameters: 3(Long)
2019-09-27 10:46:55.241 [http-nio-9090-exec-3] DEBUG c.jhbim.bimvr.dao.mapper.ProjectMapper.getProject - <==      Total: 1
2019-09-27 10:46:55.242 [http-nio-9090-exec-3] DEBUG c.jhbim.bimvr.dao.mapper.ProjectMapper.getProject - ==>  Preparing: SELECT * FROM project WHERE project_id = ? 
2019-09-27 10:46:55.242 [http-nio-9090-exec-3] DEBUG c.jhbim.bimvr.dao.mapper.ProjectMapper.getProject - ==> Parameters: 4(Long)
2019-09-27 10:46:55.246 [http-nio-9090-exec-3] DEBUG c.jhbim.bimvr.dao.mapper.ProjectMapper.getProject - <==      Total: 1
2019-09-27 10:46:55.246 [http-nio-9090-exec-3] DEBUG c.jhbim.bimvr.dao.mapper.ProjectMapper.getProject - ==>  Preparing: SELECT * FROM project WHERE project_id = ? 
2019-09-27 10:46:55.247 [http-nio-9090-exec-3] DEBUG c.jhbim.bimvr.dao.mapper.ProjectMapper.getProject - ==> Parameters: 5(Long)
2019-09-27 10:46:55.250 [http-nio-9090-exec-3] DEBUG c.jhbim.bimvr.dao.mapper.ProjectMapper.getProject - <==      Total: 1
2019-09-27 10:50:21.895 [http-nio-9090-exec-2] DEBUG c.j.bimvr.dao.mapper.VersionMapper.checkVersion - ==>  Preparing: SELECT version, content, downloadurl, updateflag, updatetime, createtime FROM version ORDER BY createtime DESC LIMIT 1 
2019-09-27 10:50:21.895 [http-nio-9090-exec-2] DEBUG c.j.bimvr.dao.mapper.VersionMapper.checkVersion - ==> Parameters: 
2019-09-27 10:50:21.898 [http-nio-9090-exec-2] DEBUG c.j.bimvr.dao.mapper.VersionMapper.checkVersion - <==      Total: 1
2019-09-27 10:50:24.454 [http-nio-9090-exec-7] DEBUG c.jhbim.bimvr.dao.mapper.UserMapper.findByUserName - ==>  Preparing: select user_id, user_name, company_id, role_id, password, salt, name, phone, create_time, update_time, version, login_flag, open_id from user where user_name = ? 
2019-09-27 10:50:24.456 [http-nio-9090-exec-7] DEBUG c.jhbim.bimvr.dao.mapper.UserMapper.findByUserName - ==> Parameters: guest(String)
2019-09-27 10:50:24.461 [http-nio-9090-exec-7] DEBUG c.jhbim.bimvr.dao.mapper.UserMapper.findByUserName - <==      Total: 1
2019-09-27 10:50:24.686 [http-nio-9090-exec-1] DEBUG c.j.bimvr.dao.mapper.ProjectMapper.getProjectId - ==>  Preparing: SELECT project_id FROM company_project WHERE company_id = ? 
2019-09-27 10:50:24.687 [http-nio-9090-exec-1] DEBUG c.j.bimvr.dao.mapper.ProjectMapper.getProjectId - ==> Parameters: 1(Long)
2019-09-27 10:50:24.690 [http-nio-9090-exec-1] DEBUG c.j.bimvr.dao.mapper.ProjectMapper.getProjectId - <==      Total: 4
2019-09-27 10:50:24.690 [http-nio-9090-exec-1] DEBUG c.jhbim.bimvr.dao.mapper.ProjectMapper.getProject - ==>  Preparing: SELECT * FROM project WHERE project_id = ? 
2019-09-27 10:50:24.691 [http-nio-9090-exec-1] DEBUG c.jhbim.bimvr.dao.mapper.ProjectMapper.getProject - ==> Parameters: 2(Long)
2019-09-27 10:50:24.693 [http-nio-9090-exec-1] DEBUG c.jhbim.bimvr.dao.mapper.ProjectMapper.getProject - <==      Total: 1
2019-09-27 10:50:24.694 [http-nio-9090-exec-1] DEBUG c.jhbim.bimvr.dao.mapper.ProjectMapper.getProject - ==>  Preparing: SELECT * FROM project WHERE project_id = ? 
2019-09-27 10:50:24.694 [http-nio-9090-exec-1] DEBUG c.jhbim.bimvr.dao.mapper.ProjectMapper.getProject - ==> Parameters: 3(Long)
2019-09-27 10:50:24.697 [http-nio-9090-exec-1] DEBUG c.jhbim.bimvr.dao.mapper.ProjectMapper.getProject - <==      Total: 1
2019-09-27 10:50:24.698 [http-nio-9090-exec-1] DEBUG c.jhbim.bimvr.dao.mapper.ProjectMapper.getProject - ==>  Preparing: SELECT * FROM project WHERE project_id = ? 
2019-09-27 10:50:24.698 [http-nio-9090-exec-1] DEBUG c.jhbim.bimvr.dao.mapper.ProjectMapper.getProject - ==> Parameters: 4(Long)
2019-09-27 10:50:24.701 [http-nio-9090-exec-1] DEBUG c.jhbim.bimvr.dao.mapper.ProjectMapper.getProject - <==      Total: 1
2019-09-27 10:50:24.702 [http-nio-9090-exec-1] DEBUG c.jhbim.bimvr.dao.mapper.ProjectMapper.getProject - ==>  Preparing: SELECT * FROM project WHERE project_id = ? 
2019-09-27 10:50:24.702 [http-nio-9090-exec-1] DEBUG c.jhbim.bimvr.dao.mapper.ProjectMapper.getProject - ==> Parameters: 5(Long)
2019-09-27 10:50:24.704 [http-nio-9090-exec-1] DEBUG c.jhbim.bimvr.dao.mapper.ProjectMapper.getProject - <==      Total: 1
2019-09-27 10:50:26.382 [http-nio-9090-exec-5] DEBUG c.j.bimvr.dao.mapper.ProjectMapper.getProjectId - ==>  Preparing: SELECT project_id FROM company_project WHERE company_id = ? 
2019-09-27 10:50:26.382 [http-nio-9090-exec-5] DEBUG c.j.bimvr.dao.mapper.ProjectMapper.getProjectId - ==> Parameters: 1(Long)
2019-09-27 10:50:26.384 [http-nio-9090-exec-5] DEBUG c.j.bimvr.dao.mapper.ProjectMapper.getProjectId - <==      Total: 4
2019-09-27 10:50:26.386 [http-nio-9090-exec-5] DEBUG c.jhbim.bimvr.dao.mapper.ProjectMapper.getProject - ==>  Preparing: SELECT * FROM project WHERE project_id = ? 
2019-09-27 10:50:26.386 [http-nio-9090-exec-5] DEBUG c.jhbim.bimvr.dao.mapper.ProjectMapper.getProject - ==> Parameters: 2(Long)
2019-09-27 10:50:26.388 [http-nio-9090-exec-5] DEBUG c.jhbim.bimvr.dao.mapper.ProjectMapper.getProject - <==      Total: 1
2019-09-27 10:50:26.389 [http-nio-9090-exec-5] DEBUG c.jhbim.bimvr.dao.mapper.ProjectMapper.getProject - ==>  Preparing: SELECT * FROM project WHERE project_id = ? 
2019-09-27 10:50:26.389 [http-nio-9090-exec-5] DEBUG c.jhbim.bimvr.dao.mapper.ProjectMapper.getProject - ==> Parameters: 3(Long)
2019-09-27 10:50:26.391 [http-nio-9090-exec-5] DEBUG c.jhbim.bimvr.dao.mapper.ProjectMapper.getProject - <==      Total: 1
2019-09-27 10:50:26.392 [http-nio-9090-exec-5] DEBUG c.jhbim.bimvr.dao.mapper.ProjectMapper.getProject - ==>  Preparing: SELECT * FROM project WHERE project_id = ? 
2019-09-27 10:50:26.392 [http-nio-9090-exec-5] DEBUG c.jhbim.bimvr.dao.mapper.ProjectMapper.getProject - ==> Parameters: 4(Long)
2019-09-27 10:50:26.395 [http-nio-9090-exec-5] DEBUG c.jhbim.bimvr.dao.mapper.ProjectMapper.getProject - <==      Total: 1
2019-09-27 10:50:26.395 [http-nio-9090-exec-5] DEBUG c.jhbim.bimvr.dao.mapper.ProjectMapper.getProject - ==>  Preparing: SELECT * FROM project WHERE project_id = ? 
2019-09-27 10:50:26.395 [http-nio-9090-exec-5] DEBUG c.jhbim.bimvr.dao.mapper.ProjectMapper.getProject - ==> Parameters: 5(Long)
2019-09-27 10:50:26.398 [http-nio-9090-exec-5] DEBUG c.jhbim.bimvr.dao.mapper.ProjectMapper.getProject - <==      Total: 1
2019-09-27 11:51:54.148 [http-nio-9090-exec-9] DEBUG c.j.bimvr.dao.mapper.VersionMapper.checkVersion - ==>  Preparing: SELECT version, content, downloadurl, updateflag, updatetime, createtime FROM version ORDER BY createtime DESC LIMIT 1 
2019-09-27 11:51:54.151 [http-nio-9090-exec-9] DEBUG c.j.bimvr.dao.mapper.VersionMapper.checkVersion - ==> Parameters: 
2019-09-27 11:51:54.165 [http-nio-9090-exec-9] DEBUG c.j.bimvr.dao.mapper.VersionMapper.checkVersion - <==      Total: 1
2019-09-27 11:51:55.461 [http-nio-9090-exec-6] DEBUG c.jhbim.bimvr.dao.mapper.UserMapper.findByUserName - ==>  Preparing: select user_id, user_name, company_id, role_id, password, salt, name, phone, create_time, update_time, version, login_flag, open_id from user where user_name = ? 
2019-09-27 11:51:55.462 [http-nio-9090-exec-6] DEBUG c.jhbim.bimvr.dao.mapper.UserMapper.findByUserName - ==> Parameters: guest(String)
2019-09-27 11:51:55.465 [http-nio-9090-exec-6] DEBUG c.jhbim.bimvr.dao.mapper.UserMapper.findByUserName - <==      Total: 1
2019-09-27 11:51:55.762 [http-nio-9090-exec-10] DEBUG c.j.bimvr.dao.mapper.ProjectMapper.getProjectId - ==>  Preparing: SELECT project_id FROM company_project WHERE company_id = ? 
2019-09-27 11:51:55.763 [http-nio-9090-exec-10] DEBUG c.j.bimvr.dao.mapper.ProjectMapper.getProjectId - ==> Parameters: 1(Long)
2019-09-27 11:51:55.766 [http-nio-9090-exec-10] DEBUG c.j.bimvr.dao.mapper.ProjectMapper.getProjectId - <==      Total: 4
2019-09-27 11:51:55.768 [http-nio-9090-exec-10] DEBUG c.jhbim.bimvr.dao.mapper.ProjectMapper.getProject - ==>  Preparing: SELECT * FROM project WHERE project_id = ? 
2019-09-27 11:51:55.769 [http-nio-9090-exec-10] DEBUG c.jhbim.bimvr.dao.mapper.ProjectMapper.getProject - ==> Parameters: 2(Long)
2019-09-27 11:51:55.773 [http-nio-9090-exec-10] DEBUG c.jhbim.bimvr.dao.mapper.ProjectMapper.getProject - <==      Total: 1
2019-09-27 11:51:55.774 [http-nio-9090-exec-10] DEBUG c.jhbim.bimvr.dao.mapper.ProjectMapper.getProject - ==>  Preparing: SELECT * FROM project WHERE project_id = ? 
2019-09-27 11:51:55.774 [http-nio-9090-exec-10] DEBUG c.jhbim.bimvr.dao.mapper.ProjectMapper.getProject - ==> Parameters: 3(Long)
2019-09-27 11:51:55.778 [http-nio-9090-exec-10] DEBUG c.jhbim.bimvr.dao.mapper.ProjectMapper.getProject - <==      Total: 1
2019-09-27 11:51:55.779 [http-nio-9090-exec-10] DEBUG c.jhbim.bimvr.dao.mapper.ProjectMapper.getProject - ==>  Preparing: SELECT * FROM project WHERE project_id = ? 
2019-09-27 11:51:55.779 [http-nio-9090-exec-10] DEBUG c.jhbim.bimvr.dao.mapper.ProjectMapper.getProject - ==> Parameters: 4(Long)
2019-09-27 11:51:55.783 [http-nio-9090-exec-10] DEBUG c.jhbim.bimvr.dao.mapper.ProjectMapper.getProject - <==      Total: 1
2019-09-27 11:51:55.783 [http-nio-9090-exec-10] DEBUG c.jhbim.bimvr.dao.mapper.ProjectMapper.getProject - ==>  Preparing: SELECT * FROM project WHERE project_id = ? 
2019-09-27 11:51:55.783 [http-nio-9090-exec-10] DEBUG c.jhbim.bimvr.dao.mapper.ProjectMapper.getProject - ==> Parameters: 5(Long)
2019-09-27 11:51:55.787 [http-nio-9090-exec-10] DEBUG c.jhbim.bimvr.dao.mapper.ProjectMapper.getProject - <==      Total: 1
2019-09-27 15:14:20.936 [main] DEBUG com.jhbim.bimvr.BimvrApplication - Running with Spring Boot v2.1.6.RELEASE, Spring v5.1.8.RELEASE
2019-09-27 15:16:03.712 [http-nio-9090-exec-1] DEBUG c.j.bimvr.dao.mapper.VersionMapper.checkVersion - ==>  Preparing: SELECT version, content, downloadurl, updateflag, updatetime, createtime FROM version ORDER BY createtime DESC LIMIT 1 
2019-09-27 15:16:04.291 [http-nio-9090-exec-1] DEBUG c.j.bimvr.dao.mapper.VersionMapper.checkVersion - ==> Parameters: 
2019-09-27 15:16:04.404 [http-nio-9090-exec-1] DEBUG c.j.bimvr.dao.mapper.VersionMapper.checkVersion - <==      Total: 1
2019-09-27 15:16:04.695 [http-nio-9090-exec-2] DEBUG c.jhbim.bimvr.dao.mapper.UserMapper.findByUserName - ==>  Preparing: select user_id, user_name, company_id, role_id, password, salt, name, phone, create_time, update_time, version, login_flag, open_id from user where user_name = ? 
2019-09-27 15:16:04.763 [http-nio-9090-exec-2] DEBUG c.jhbim.bimvr.dao.mapper.UserMapper.findByUserName - ==> Parameters: guest(String)
2019-09-27 15:16:04.775 [http-nio-9090-exec-2] DEBUG c.jhbim.bimvr.dao.mapper.UserMapper.findByUserName - <==      Total: 1
2019-09-27 15:16:07.797 [http-nio-9090-exec-3] DEBUG c.jhbim.bimvr.dao.mapper.UserMapper.findByUserName - ==>  Preparing: select user_id, user_name, company_id, role_id, password, salt, name, phone, create_time, update_time, version, login_flag, open_id from user where user_name = ? 
2019-09-27 15:16:07.797 [http-nio-9090-exec-3] DEBUG c.jhbim.bimvr.dao.mapper.UserMapper.findByUserName - ==> Parameters: guest(String)
2019-09-27 15:16:07.800 [http-nio-9090-exec-3] DEBUG c.jhbim.bimvr.dao.mapper.UserMapper.findByUserName - <==      Total: 1
2019-09-27 15:17:00.745 [http-nio-9090-exec-5] DEBUG c.jhbim.bimvr.dao.mapper.UserMapper.findByUserName - ==>  Preparing: select user_id, user_name, company_id, role_id, password, salt, name, phone, create_time, update_time, version, login_flag, open_id from user where user_name = ? 
2019-09-27 15:17:00.746 [http-nio-9090-exec-5] DEBUG c.jhbim.bimvr.dao.mapper.UserMapper.findByUserName - ==> Parameters: guest(String)
2019-09-27 15:17:00.748 [http-nio-9090-exec-5] DEBUG c.jhbim.bimvr.dao.mapper.UserMapper.findByUserName - <==      Total: 1
2019-09-27 15:17:01.167 [http-nio-9090-exec-4] DEBUG c.j.bimvr.dao.mapper.ProjectMapper.getProjectId - ==>  Preparing: SELECT project_id FROM company_project WHERE company_id = ? 
2019-09-27 15:17:01.170 [http-nio-9090-exec-4] DEBUG c.j.bimvr.dao.mapper.ProjectMapper.getProjectId - ==> Parameters: 1(Long)
2019-09-27 15:17:01.175 [http-nio-9090-exec-4] DEBUG c.j.bimvr.dao.mapper.ProjectMapper.getProjectId - <==      Total: 4
2019-09-27 15:17:01.176 [http-nio-9090-exec-4] DEBUG c.jhbim.bimvr.dao.mapper.ProjectMapper.getProject - ==>  Preparing: SELECT * FROM project WHERE project_id = ? 
2019-09-27 15:17:01.178 [http-nio-9090-exec-4] DEBUG c.jhbim.bimvr.dao.mapper.ProjectMapper.getProject - ==> Parameters: 2(Long)
2019-09-27 15:17:01.189 [http-nio-9090-exec-4] DEBUG c.jhbim.bimvr.dao.mapper.ProjectMapper.getProject - <==      Total: 1
2019-09-27 15:17:01.191 [http-nio-9090-exec-4] DEBUG c.jhbim.bimvr.dao.mapper.ProjectMapper.getProject - ==>  Preparing: SELECT * FROM project WHERE project_id = ? 
2019-09-27 15:17:01.191 [http-nio-9090-exec-4] DEBUG c.jhbim.bimvr.dao.mapper.ProjectMapper.getProject - ==> Parameters: 3(Long)
2019-09-27 15:17:01.193 [http-nio-9090-exec-4] DEBUG c.jhbim.bimvr.dao.mapper.ProjectMapper.getProject - <==      Total: 1
2019-09-27 15:17:01.194 [http-nio-9090-exec-4] DEBUG c.jhbim.bimvr.dao.mapper.ProjectMapper.getProject - ==>  Preparing: SELECT * FROM project WHERE project_id = ? 
2019-09-27 15:17:01.194 [http-nio-9090-exec-4] DEBUG c.jhbim.bimvr.dao.mapper.ProjectMapper.getProject - ==> Parameters: 4(Long)
2019-09-27 15:17:01.197 [http-nio-9090-exec-4] DEBUG c.jhbim.bimvr.dao.mapper.ProjectMapper.getProject - <==      Total: 1
2019-09-27 15:17:01.197 [http-nio-9090-exec-4] DEBUG c.jhbim.bimvr.dao.mapper.ProjectMapper.getProject - ==>  Preparing: SELECT * FROM project WHERE project_id = ? 
2019-09-27 15:17:01.197 [http-nio-9090-exec-4] DEBUG c.jhbim.bimvr.dao.mapper.ProjectMapper.getProject - ==> Parameters: 5(Long)
2019-09-27 15:17:01.200 [http-nio-9090-exec-4] DEBUG c.jhbim.bimvr.dao.mapper.ProjectMapper.getProject - <==      Total: 1
2019-09-27 15:43:52.893 [http-nio-9090-exec-9] DEBUG c.j.bimvr.dao.mapper.VersionMapper.checkVersion - ==>  Preparing: SELECT version, content, downloadurl, updateflag, updatetime, createtime FROM version ORDER BY createtime DESC LIMIT 1 
2019-09-27 15:43:52.894 [http-nio-9090-exec-9] DEBUG c.j.bimvr.dao.mapper.VersionMapper.checkVersion - ==> Parameters: 
2019-09-27 15:43:52.897 [http-nio-9090-exec-9] DEBUG c.j.bimvr.dao.mapper.VersionMapper.checkVersion - <==      Total: 1
2019-09-27 15:43:54.209 [http-nio-9090-exec-10] DEBUG c.jhbim.bimvr.dao.mapper.UserMapper.findByUserName - ==>  Preparing: select user_id, user_name, company_id, role_id, password, salt, name, phone, create_time, update_time, version, login_flag, open_id from user where user_name = ? 
2019-09-27 15:43:54.210 [http-nio-9090-exec-10] DEBUG c.jhbim.bimvr.dao.mapper.UserMapper.findByUserName - ==> Parameters: guest(String)
2019-09-27 15:43:54.212 [http-nio-9090-exec-10] DEBUG c.jhbim.bimvr.dao.mapper.UserMapper.findByUserName - <==      Total: 1
2019-09-27 15:43:54.449 [http-nio-9090-exec-1] DEBUG c.j.bimvr.dao.mapper.ProjectMapper.getProjectId - ==>  Preparing: SELECT project_id FROM company_project WHERE company_id = ? 
2019-09-27 15:43:54.449 [http-nio-9090-exec-1] DEBUG c.j.bimvr.dao.mapper.ProjectMapper.getProjectId - ==> Parameters: 1(Long)
2019-09-27 15:43:54.452 [http-nio-9090-exec-1] DEBUG c.j.bimvr.dao.mapper.ProjectMapper.getProjectId - <==      Total: 4
2019-09-27 15:43:54.453 [http-nio-9090-exec-1] DEBUG c.jhbim.bimvr.dao.mapper.ProjectMapper.getProject - ==>  Preparing: SELECT * FROM project WHERE project_id = ? 
2019-09-27 15:43:54.453 [http-nio-9090-exec-1] DEBUG c.jhbim.bimvr.dao.mapper.ProjectMapper.getProject - ==> Parameters: 2(Long)
2019-09-27 15:43:54.456 [http-nio-9090-exec-1] DEBUG c.jhbim.bimvr.dao.mapper.ProjectMapper.getProject - <==      Total: 1
2019-09-27 15:43:54.456 [http-nio-9090-exec-1] DEBUG c.jhbim.bimvr.dao.mapper.ProjectMapper.getProject - ==>  Preparing: SELECT * FROM project WHERE project_id = ? 
2019-09-27 15:43:54.456 [http-nio-9090-exec-1] DEBUG c.jhbim.bimvr.dao.mapper.ProjectMapper.getProject - ==> Parameters: 3(Long)
2019-09-27 15:43:54.459 [http-nio-9090-exec-1] DEBUG c.jhbim.bimvr.dao.mapper.ProjectMapper.getProject - <==      Total: 1
2019-09-27 15:43:54.460 [http-nio-9090-exec-1] DEBUG c.jhbim.bimvr.dao.mapper.ProjectMapper.getProject - ==>  Preparing: SELECT * FROM project WHERE project_id = ? 
2019-09-27 15:43:54.460 [http-nio-9090-exec-1] DEBUG c.jhbim.bimvr.dao.mapper.ProjectMapper.getProject - ==> Parameters: 4(Long)
2019-09-27 15:43:54.462 [http-nio-9090-exec-1] DEBUG c.jhbim.bimvr.dao.mapper.ProjectMapper.getProject - <==      Total: 1
2019-09-27 15:43:54.463 [http-nio-9090-exec-1] DEBUG c.jhbim.bimvr.dao.mapper.ProjectMapper.getProject - ==>  Preparing: SELECT * FROM project WHERE project_id = ? 
2019-09-27 15:43:54.463 [http-nio-9090-exec-1] DEBUG c.jhbim.bimvr.dao.mapper.ProjectMapper.getProject - ==> Parameters: 5(Long)
2019-09-27 15:43:54.465 [http-nio-9090-exec-1] DEBUG c.jhbim.bimvr.dao.mapper.ProjectMapper.getProject - <==      Total: 1
2019-09-27 17:06:03.659 [http-nio-9090-exec-3] DEBUG c.jhbim.bimvr.dao.mapper.UserMapper.findByUserName - ==>  Preparing: select user_id, user_name, company_id, role_id, password, salt, name, phone, create_time, update_time, version, login_flag, open_id from user where user_name = ? 
2019-09-27 17:06:03.662 [http-nio-9090-exec-3] DEBUG c.jhbim.bimvr.dao.mapper.UserMapper.findByUserName - ==> Parameters: guest(String)
2019-09-27 17:06:03.674 [http-nio-9090-exec-3] DEBUG c.jhbim.bimvr.dao.mapper.UserMapper.findByUserName - <==      Total: 1
2019-09-27 17:06:08.006 [http-nio-9090-exec-5] DEBUG c.jhbim.bimvr.dao.mapper.UserMapper.findByUserName - ==>  Preparing: select user_id, user_name, company_id, role_id, password, salt, name, phone, create_time, update_time, version, login_flag, open_id from user where user_name = ? 
2019-09-27 17:06:08.007 [http-nio-9090-exec-5] DEBUG c.jhbim.bimvr.dao.mapper.UserMapper.findByUserName - ==> Parameters: guest(String)
2019-09-27 17:06:08.010 [http-nio-9090-exec-5] DEBUG c.jhbim.bimvr.dao.mapper.UserMapper.findByUserName - <==      Total: 1
2019-09-27 17:07:15.838 [http-nio-9090-exec-4] DEBUG c.j.bimvr.dao.mapper.VersionMapper.checkVersion - ==>  Preparing: SELECT version, content, downloadurl, updateflag, updatetime, createtime FROM version ORDER BY createtime DESC LIMIT 1 
2019-09-27 17:07:15.839 [http-nio-9090-exec-4] DEBUG c.j.bimvr.dao.mapper.VersionMapper.checkVersion - ==> Parameters: 
2019-09-27 17:07:15.844 [http-nio-9090-exec-4] DEBUG c.j.bimvr.dao.mapper.VersionMapper.checkVersion - <==      Total: 1
2019-09-27 17:07:18.055 [http-nio-9090-exec-6] DEBUG c.jhbim.bimvr.dao.mapper.UserMapper.findByUserName - ==>  Preparing: select user_id, user_name, company_id, role_id, password, salt, name, phone, create_time, update_time, version, login_flag, open_id from user where user_name = ? 
2019-09-27 17:07:18.055 [http-nio-9090-exec-6] DEBUG c.jhbim.bimvr.dao.mapper.UserMapper.findByUserName - ==> Parameters: guest(String)
2019-09-27 17:07:18.058 [http-nio-9090-exec-6] DEBUG c.jhbim.bimvr.dao.mapper.UserMapper.findByUserName - <==      Total: 1
2019-09-27 17:07:18.304 [http-nio-9090-exec-7] DEBUG c.j.bimvr.dao.mapper.ProjectMapper.getProjectId - ==>  Preparing: SELECT project_id FROM company_project WHERE company_id = ? 
2019-09-27 17:07:18.305 [http-nio-9090-exec-7] DEBUG c.j.bimvr.dao.mapper.ProjectMapper.getProjectId - ==> Parameters: 1(Long)
2019-09-27 17:07:18.309 [http-nio-9090-exec-7] DEBUG c.j.bimvr.dao.mapper.ProjectMapper.getProjectId - <==      Total: 4
2019-09-27 17:07:18.309 [http-nio-9090-exec-7] DEBUG c.jhbim.bimvr.dao.mapper.ProjectMapper.getProject - ==>  Preparing: SELECT * FROM project WHERE project_id = ? 
2019-09-27 17:07:18.310 [http-nio-9090-exec-7] DEBUG c.jhbim.bimvr.dao.mapper.ProjectMapper.getProject - ==> Parameters: 2(Long)
2019-09-27 17:07:18.314 [http-nio-9090-exec-7] DEBUG c.jhbim.bimvr.dao.mapper.ProjectMapper.getProject - <==      Total: 1
2019-09-27 17:07:18.315 [http-nio-9090-exec-7] DEBUG c.jhbim.bimvr.dao.mapper.ProjectMapper.getProject - ==>  Preparing: SELECT * FROM project WHERE project_id = ? 
2019-09-27 17:07:18.315 [http-nio-9090-exec-7] DEBUG c.jhbim.bimvr.dao.mapper.ProjectMapper.getProject - ==> Parameters: 3(Long)
2019-09-27 17:07:18.319 [http-nio-9090-exec-7] DEBUG c.jhbim.bimvr.dao.mapper.ProjectMapper.getProject - <==      Total: 1
2019-09-27 17:07:18.320 [http-nio-9090-exec-7] DEBUG c.jhbim.bimvr.dao.mapper.ProjectMapper.getProject - ==>  Preparing: SELECT * FROM project WHERE project_id = ? 
2019-09-27 17:07:18.320 [http-nio-9090-exec-7] DEBUG c.jhbim.bimvr.dao.mapper.ProjectMapper.getProject - ==> Parameters: 4(Long)
2019-09-27 17:07:18.323 [http-nio-9090-exec-7] DEBUG c.jhbim.bimvr.dao.mapper.ProjectMapper.getProject - <==      Total: 1
2019-09-27 17:07:18.324 [http-nio-9090-exec-7] DEBUG c.jhbim.bimvr.dao.mapper.ProjectMapper.getProject - ==>  Preparing: SELECT * FROM project WHERE project_id = ? 
2019-09-27 17:07:18.324 [http-nio-9090-exec-7] DEBUG c.jhbim.bimvr.dao.mapper.ProjectMapper.getProject - ==> Parameters: 5(Long)
2019-09-27 17:07:18.327 [http-nio-9090-exec-7] DEBUG c.jhbim.bimvr.dao.mapper.ProjectMapper.getProject - <==      Total: 1
2019-09-27 17:10:11.577 [http-nio-9090-exec-2] DEBUG c.jhbim.bimvr.dao.mapper.UserMapper.findByUserName - ==>  Preparing: select user_id, user_name, company_id, role_id, password, salt, name, phone, create_time, update_time, version, login_flag, open_id from user where user_name = ? 
2019-09-27 17:10:11.577 [http-nio-9090-exec-2] DEBUG c.jhbim.bimvr.dao.mapper.UserMapper.findByUserName - ==> Parameters: guest(String)
2019-09-27 17:10:11.580 [http-nio-9090-exec-2] DEBUG c.jhbim.bimvr.dao.mapper.UserMapper.findByUserName - <==      Total: 1
2019-09-27 17:10:13.033 [http-nio-9090-exec-3] DEBUG c.jhbim.bimvr.dao.mapper.UserMapper.findByUserName - ==>  Preparing: select user_id, user_name, company_id, role_id, password, salt, name, phone, create_time, update_time, version, login_flag, open_id from user where user_name = ? 
2019-09-27 17:10:13.034 [http-nio-9090-exec-3] DEBUG c.jhbim.bimvr.dao.mapper.UserMapper.findByUserName - ==> Parameters: guest(String)
2019-09-27 17:10:13.036 [http-nio-9090-exec-3] DEBUG c.jhbim.bimvr.dao.mapper.UserMapper.findByUserName - <==      Total: 1
2019-09-27 17:10:33.446 [http-nio-9090-exec-5] DEBUG c.jhbim.bimvr.dao.mapper.UserMapper.findByUserName - ==>  Preparing: select user_id, user_name, company_id, role_id, password, salt, name, phone, create_time, update_time, version, login_flag, open_id from user where user_name = ? 
2019-09-27 17:10:33.446 [http-nio-9090-exec-5] DEBUG c.jhbim.bimvr.dao.mapper.UserMapper.findByUserName - ==> Parameters: guest(String)
2019-09-27 17:10:33.449 [http-nio-9090-exec-5] DEBUG c.jhbim.bimvr.dao.mapper.UserMapper.findByUserName - <==      Total: 1
2019-09-27 17:10:33.707 [http-nio-9090-exec-4] DEBUG c.j.bimvr.dao.mapper.ProjectMapper.getProjectId - ==>  Preparing: SELECT project_id FROM company_project WHERE company_id = ? 
2019-09-27 17:10:33.708 [http-nio-9090-exec-4] DEBUG c.j.bimvr.dao.mapper.ProjectMapper.getProjectId - ==> Parameters: 1(Long)
2019-09-27 17:10:33.710 [http-nio-9090-exec-4] DEBUG c.j.bimvr.dao.mapper.ProjectMapper.getProjectId - <==      Total: 4
2019-09-27 17:10:33.711 [http-nio-9090-exec-4] DEBUG c.jhbim.bimvr.dao.mapper.ProjectMapper.getProject - ==>  Preparing: SELECT * FROM project WHERE project_id = ? 
2019-09-27 17:10:33.712 [http-nio-9090-exec-4] DEBUG c.jhbim.bimvr.dao.mapper.ProjectMapper.getProject - ==> Parameters: 2(Long)
2019-09-27 17:10:33.715 [http-nio-9090-exec-4] DEBUG c.jhbim.bimvr.dao.mapper.ProjectMapper.getProject - <==      Total: 1
2019-09-27 17:10:33.716 [http-nio-9090-exec-4] DEBUG c.jhbim.bimvr.dao.mapper.ProjectMapper.getProject - ==>  Preparing: SELECT * FROM project WHERE project_id = ? 
2019-09-27 17:10:33.716 [http-nio-9090-exec-4] DEBUG c.jhbim.bimvr.dao.mapper.ProjectMapper.getProject - ==> Parameters: 3(Long)
2019-09-27 17:10:33.720 [http-nio-9090-exec-4] DEBUG c.jhbim.bimvr.dao.mapper.ProjectMapper.getProject - <==      Total: 1
2019-09-27 17:10:33.721 [http-nio-9090-exec-4] DEBUG c.jhbim.bimvr.dao.mapper.ProjectMapper.getProject - ==>  Preparing: SELECT * FROM project WHERE project_id = ? 
2019-09-27 17:10:33.721 [http-nio-9090-exec-4] DEBUG c.jhbim.bimvr.dao.mapper.ProjectMapper.getProject - ==> Parameters: 4(Long)
2019-09-27 17:10:33.724 [http-nio-9090-exec-4] DEBUG c.jhbim.bimvr.dao.mapper.ProjectMapper.getProject - <==      Total: 1
2019-09-27 17:10:33.725 [http-nio-9090-exec-4] DEBUG c.jhbim.bimvr.dao.mapper.ProjectMapper.getProject - ==>  Preparing: SELECT * FROM project WHERE project_id = ? 
2019-09-27 17:10:33.726 [http-nio-9090-exec-4] DEBUG c.jhbim.bimvr.dao.mapper.ProjectMapper.getProject - ==> Parameters: 5(Long)
2019-09-27 17:10:33.728 [http-nio-9090-exec-4] DEBUG c.jhbim.bimvr.dao.mapper.ProjectMapper.getProject - <==      Total: 1
2019-09-27 17:23:40.292 [http-nio-9090-exec-6] DEBUG c.jhbim.bimvr.dao.mapper.UserMapper.findByUserName - ==>  Preparing: select user_id, user_name, company_id, role_id, password, salt, name, phone, create_time, update_time, version, login_flag, open_id from user where user_name = ? 
2019-09-27 17:23:40.293 [http-nio-9090-exec-6] DEBUG c.jhbim.bimvr.dao.mapper.UserMapper.findByUserName - ==> Parameters: guest(String)
2019-09-27 17:23:40.296 [http-nio-9090-exec-6] DEBUG c.jhbim.bimvr.dao.mapper.UserMapper.findByUserName - <==      Total: 1
2019-09-27 17:23:40.373 [http-nio-9090-exec-7] DEBUG c.j.bimvr.dao.mapper.ProjectMapper.getProjectId - ==>  Preparing: SELECT project_id FROM company_project WHERE company_id = ? 
2019-09-27 17:23:40.376 [http-nio-9090-exec-7] DEBUG c.j.bimvr.dao.mapper.ProjectMapper.getProjectId - ==> Parameters: 1(Long)
2019-09-27 17:23:40.379 [http-nio-9090-exec-7] DEBUG c.j.bimvr.dao.mapper.ProjectMapper.getProjectId - <==      Total: 4
2019-09-27 17:23:40.380 [http-nio-9090-exec-7] DEBUG c.jhbim.bimvr.dao.mapper.ProjectMapper.getProject - ==>  Preparing: SELECT * FROM project WHERE project_id = ? 
2019-09-27 17:23:40.380 [http-nio-9090-exec-7] DEBUG c.jhbim.bimvr.dao.mapper.ProjectMapper.getProject - ==> Parameters: 2(Long)
2019-09-27 17:23:40.382 [http-nio-9090-exec-7] DEBUG c.jhbim.bimvr.dao.mapper.ProjectMapper.getProject - <==      Total: 1
2019-09-27 17:23:40.383 [http-nio-9090-exec-7] DEBUG c.jhbim.bimvr.dao.mapper.ProjectMapper.getProject - ==>  Preparing: SELECT * FROM project WHERE project_id = ? 
2019-09-27 17:23:40.383 [http-nio-9090-exec-7] DEBUG c.jhbim.bimvr.dao.mapper.ProjectMapper.getProject - ==> Parameters: 3(Long)
2019-09-27 17:23:40.386 [http-nio-9090-exec-7] DEBUG c.jhbim.bimvr.dao.mapper.ProjectMapper.getProject - <==      Total: 1
2019-09-27 17:23:40.387 [http-nio-9090-exec-7] DEBUG c.jhbim.bimvr.dao.mapper.ProjectMapper.getProject - ==>  Preparing: SELECT * FROM project WHERE project_id = ? 
2019-09-27 17:23:40.387 [http-nio-9090-exec-7] DEBUG c.jhbim.bimvr.dao.mapper.ProjectMapper.getProject - ==> Parameters: 4(Long)
2019-09-27 17:23:40.390 [http-nio-9090-exec-7] DEBUG c.jhbim.bimvr.dao.mapper.ProjectMapper.getProject - <==      Total: 1
2019-09-27 17:23:40.390 [http-nio-9090-exec-7] DEBUG c.jhbim.bimvr.dao.mapper.ProjectMapper.getProject - ==>  Preparing: SELECT * FROM project WHERE project_id = ? 
2019-09-27 17:23:40.391 [http-nio-9090-exec-7] DEBUG c.jhbim.bimvr.dao.mapper.ProjectMapper.getProject - ==> Parameters: 5(Long)
2019-09-27 17:23:40.393 [http-nio-9090-exec-7] DEBUG c.jhbim.bimvr.dao.mapper.ProjectMapper.getProject - <==      Total: 1
2019-09-27 17:23:44.487 [http-nio-9090-exec-8] DEBUG c.j.bimvr.dao.mapper.ProjectMapper.getProjectId - ==>  Preparing: SELECT project_id FROM company_project WHERE company_id = ? 
2019-09-27 17:23:44.487 [http-nio-9090-exec-8] DEBUG c.j.bimvr.dao.mapper.ProjectMapper.getProjectId - ==> Parameters: 1(Long)
2019-09-27 17:23:44.490 [http-nio-9090-exec-8] DEBUG c.j.bimvr.dao.mapper.ProjectMapper.getProjectId - <==      Total: 4
2019-09-27 17:23:44.490 [http-nio-9090-exec-8] DEBUG c.jhbim.bimvr.dao.mapper.ProjectMapper.getProject - ==>  Preparing: SELECT * FROM project WHERE project_id = ? 
2019-09-27 17:23:44.491 [http-nio-9090-exec-8] DEBUG c.jhbim.bimvr.dao.mapper.ProjectMapper.getProject - ==> Parameters: 2(Long)
2019-09-27 17:23:44.493 [http-nio-9090-exec-8] DEBUG c.jhbim.bimvr.dao.mapper.ProjectMapper.getProject - <==      Total: 1
2019-09-27 17:23:44.494 [http-nio-9090-exec-8] DEBUG c.jhbim.bimvr.dao.mapper.ProjectMapper.getProject - ==>  Preparing: SELECT * FROM project WHERE project_id = ? 
2019-09-27 17:23:44.494 [http-nio-9090-exec-8] DEBUG c.jhbim.bimvr.dao.mapper.ProjectMapper.getProject - ==> Parameters: 3(Long)
2019-09-27 17:23:44.496 [http-nio-9090-exec-8] DEBUG c.jhbim.bimvr.dao.mapper.ProjectMapper.getProject - <==      Total: 1
2019-09-27 17:23:44.497 [http-nio-9090-exec-8] DEBUG c.jhbim.bimvr.dao.mapper.ProjectMapper.getProject - ==>  Preparing: SELECT * FROM project WHERE project_id = ? 
2019-09-27 17:23:44.497 [http-nio-9090-exec-8] DEBUG c.jhbim.bimvr.dao.mapper.ProjectMapper.getProject - ==> Parameters: 4(Long)
2019-09-27 17:23:44.499 [http-nio-9090-exec-8] DEBUG c.jhbim.bimvr.dao.mapper.ProjectMapper.getProject - <==      Total: 1
2019-09-27 17:23:44.500 [http-nio-9090-exec-8] DEBUG c.jhbim.bimvr.dao.mapper.ProjectMapper.getProject - ==>  Preparing: SELECT * FROM project WHERE project_id = ? 
2019-09-27 17:23:44.501 [http-nio-9090-exec-8] DEBUG c.jhbim.bimvr.dao.mapper.ProjectMapper.getProject - ==> Parameters: 5(Long)
2019-09-27 17:23:44.503 [http-nio-9090-exec-8] DEBUG c.jhbim.bimvr.dao.mapper.ProjectMapper.getProject - <==      Total: 1
2019-09-27 17:26:18.191 [http-nio-9090-exec-9] DEBUG c.j.bimvr.dao.mapper.ProjectMapper.getProjectId - ==>  Preparing: SELECT project_id FROM company_project WHERE company_id = ? 
2019-09-27 17:26:18.192 [http-nio-9090-exec-9] DEBUG c.j.bimvr.dao.mapper.ProjectMapper.getProjectId - ==> Parameters: 1(Long)
2019-09-27 17:26:18.194 [http-nio-9090-exec-9] DEBUG c.j.bimvr.dao.mapper.ProjectMapper.getProjectId - <==      Total: 4
2019-09-27 17:26:18.195 [http-nio-9090-exec-9] DEBUG c.jhbim.bimvr.dao.mapper.ProjectMapper.getProject - ==>  Preparing: SELECT * FROM project WHERE project_id = ? 
2019-09-27 17:26:18.196 [http-nio-9090-exec-9] DEBUG c.jhbim.bimvr.dao.mapper.ProjectMapper.getProject - ==> Parameters: 2(Long)
2019-09-27 17:26:18.198 [http-nio-9090-exec-9] DEBUG c.jhbim.bimvr.dao.mapper.ProjectMapper.getProject - <==      Total: 1
2019-09-27 17:26:18.198 [http-nio-9090-exec-9] DEBUG c.jhbim.bimvr.dao.mapper.ProjectMapper.getProject - ==>  Preparing: SELECT * FROM project WHERE project_id = ? 
2019-09-27 17:26:18.199 [http-nio-9090-exec-9] DEBUG c.jhbim.bimvr.dao.mapper.ProjectMapper.getProject - ==> Parameters: 3(Long)
2019-09-27 17:26:18.201 [http-nio-9090-exec-9] DEBUG c.jhbim.bimvr.dao.mapper.ProjectMapper.getProject - <==      Total: 1
2019-09-27 17:26:18.201 [http-nio-9090-exec-9] DEBUG c.jhbim.bimvr.dao.mapper.ProjectMapper.getProject - ==>  Preparing: SELECT * FROM project WHERE project_id = ? 
2019-09-27 17:26:18.202 [http-nio-9090-exec-9] DEBUG c.jhbim.bimvr.dao.mapper.ProjectMapper.getProject - ==> Parameters: 4(Long)
2019-09-27 17:26:18.203 [http-nio-9090-exec-9] DEBUG c.jhbim.bimvr.dao.mapper.ProjectMapper.getProject - <==      Total: 1
2019-09-27 17:26:18.204 [http-nio-9090-exec-9] DEBUG c.jhbim.bimvr.dao.mapper.ProjectMapper.getProject - ==>  Preparing: SELECT * FROM project WHERE project_id = ? 
2019-09-27 17:26:18.204 [http-nio-9090-exec-9] DEBUG c.jhbim.bimvr.dao.mapper.ProjectMapper.getProject - ==> Parameters: 5(Long)
2019-09-27 17:26:18.206 [http-nio-9090-exec-9] DEBUG c.jhbim.bimvr.dao.mapper.ProjectMapper.getProject - <==      Total: 1
2019-09-27 17:34:52.454 [http-nio-9090-exec-1] DEBUG c.jhbim.bimvr.dao.mapper.UserMapper.findByUserName - ==>  Preparing: select user_id, user_name, company_id, role_id, password, salt, name, phone, create_time, update_time, version, login_flag, open_id from user where user_name = ? 
2019-09-27 17:34:52.454 [http-nio-9090-exec-1] DEBUG c.jhbim.bimvr.dao.mapper.UserMapper.findByUserName - ==> Parameters: guest(String)
2019-09-27 17:34:52.458 [http-nio-9090-exec-1] DEBUG c.jhbim.bimvr.dao.mapper.UserMapper.findByUserName - <==      Total: 1
2019-09-27 17:34:52.586 [http-nio-9090-exec-2] DEBUG c.j.bimvr.dao.mapper.ProjectMapper.getProjectId - ==>  Preparing: SELECT project_id FROM company_project WHERE company_id = ? 
2019-09-27 17:34:52.587 [http-nio-9090-exec-2] DEBUG c.j.bimvr.dao.mapper.ProjectMapper.getProjectId - ==> Parameters: 1(Long)
2019-09-27 17:34:52.590 [http-nio-9090-exec-2] DEBUG c.j.bimvr.dao.mapper.ProjectMapper.getProjectId - <==      Total: 4
2019-09-27 17:34:52.591 [http-nio-9090-exec-2] DEBUG c.jhbim.bimvr.dao.mapper.ProjectMapper.getProject - ==>  Preparing: SELECT * FROM project WHERE project_id = ? 
2019-09-27 17:34:52.591 [http-nio-9090-exec-2] DEBUG c.jhbim.bimvr.dao.mapper.ProjectMapper.getProject - ==> Parameters: 2(Long)
2019-09-27 17:34:52.595 [http-nio-9090-exec-2] DEBUG c.jhbim.bimvr.dao.mapper.ProjectMapper.getProject - <==      Total: 1
2019-09-27 17:34:52.595 [http-nio-9090-exec-2] DEBUG c.jhbim.bimvr.dao.mapper.ProjectMapper.getProject - ==>  Preparing: SELECT * FROM project WHERE project_id = ? 
2019-09-27 17:34:52.595 [http-nio-9090-exec-2] DEBUG c.jhbim.bimvr.dao.mapper.ProjectMapper.getProject - ==> Parameters: 3(Long)
2019-09-27 17:34:52.598 [http-nio-9090-exec-2] DEBUG c.jhbim.bimvr.dao.mapper.ProjectMapper.getProject - <==      Total: 1
2019-09-27 17:34:52.599 [http-nio-9090-exec-2] DEBUG c.jhbim.bimvr.dao.mapper.ProjectMapper.getProject - ==>  Preparing: SELECT * FROM project WHERE project_id = ? 
2019-09-27 17:34:52.600 [http-nio-9090-exec-2] DEBUG c.jhbim.bimvr.dao.mapper.ProjectMapper.getProject - ==> Parameters: 4(Long)
2019-09-27 17:34:52.603 [http-nio-9090-exec-2] DEBUG c.jhbim.bimvr.dao.mapper.ProjectMapper.getProject - <==      Total: 1
2019-09-27 17:34:52.604 [http-nio-9090-exec-2] DEBUG c.jhbim.bimvr.dao.mapper.ProjectMapper.getProject - ==>  Preparing: SELECT * FROM project WHERE project_id = ? 
2019-09-27 17:34:52.605 [http-nio-9090-exec-2] DEBUG c.jhbim.bimvr.dao.mapper.ProjectMapper.getProject - ==> Parameters: 5(Long)
2019-09-27 17:34:52.608 [http-nio-9090-exec-2] DEBUG c.jhbim.bimvr.dao.mapper.ProjectMapper.getProject - <==      Total: 1
2019-09-27 17:45:34.047 [http-nio-9090-exec-3] DEBUG c.jhbim.bimvr.dao.mapper.UserMapper.findByUserName - ==>  Preparing: select user_id, user_name, company_id, role_id, password, salt, name, phone, create_time, update_time, version, login_flag, open_id from user where user_name = ? 
2019-09-27 17:45:34.047 [http-nio-9090-exec-3] DEBUG c.jhbim.bimvr.dao.mapper.UserMapper.findByUserName - ==> Parameters: guest(String)
2019-09-27 17:45:34.050 [http-nio-9090-exec-3] DEBUG c.jhbim.bimvr.dao.mapper.UserMapper.findByUserName - <==      Total: 1
2019-09-27 17:45:34.185 [http-nio-9090-exec-5] DEBUG c.j.bimvr.dao.mapper.ProjectMapper.getProjectId - ==>  Preparing: SELECT project_id FROM company_project WHERE company_id = ? 
2019-09-27 17:45:34.186 [http-nio-9090-exec-5] DEBUG c.j.bimvr.dao.mapper.ProjectMapper.getProjectId - ==> Parameters: 1(Long)
2019-09-27 17:45:34.189 [http-nio-9090-exec-5] DEBUG c.j.bimvr.dao.mapper.ProjectMapper.getProjectId - <==      Total: 4
2019-09-27 17:45:34.190 [http-nio-9090-exec-5] DEBUG c.jhbim.bimvr.dao.mapper.ProjectMapper.getProject - ==>  Preparing: SELECT * FROM project WHERE project_id = ? 
2019-09-27 17:45:34.190 [http-nio-9090-exec-5] DEBUG c.jhbim.bimvr.dao.mapper.ProjectMapper.getProject - ==> Parameters: 2(Long)
2019-09-27 17:45:34.192 [http-nio-9090-exec-5] DEBUG c.jhbim.bimvr.dao.mapper.ProjectMapper.getProject - <==      Total: 1
2019-09-27 17:45:34.193 [http-nio-9090-exec-5] DEBUG c.jhbim.bimvr.dao.mapper.ProjectMapper.getProject - ==>  Preparing: SELECT * FROM project WHERE project_id = ? 
2019-09-27 17:45:34.194 [http-nio-9090-exec-5] DEBUG c.jhbim.bimvr.dao.mapper.ProjectMapper.getProject - ==> Parameters: 3(Long)
2019-09-27 17:45:34.197 [http-nio-9090-exec-5] DEBUG c.jhbim.bimvr.dao.mapper.ProjectMapper.getProject - <==      Total: 1
2019-09-27 17:45:34.198 [http-nio-9090-exec-5] DEBUG c.jhbim.bimvr.dao.mapper.ProjectMapper.getProject - ==>  Preparing: SELECT * FROM project WHERE project_id = ? 
2019-09-27 17:45:34.198 [http-nio-9090-exec-5] DEBUG c.jhbim.bimvr.dao.mapper.ProjectMapper.getProject - ==> Parameters: 4(Long)
2019-09-27 17:45:34.201 [http-nio-9090-exec-5] DEBUG c.jhbim.bimvr.dao.mapper.ProjectMapper.getProject - <==      Total: 1
2019-09-27 17:45:34.202 [http-nio-9090-exec-5] DEBUG c.jhbim.bimvr.dao.mapper.ProjectMapper.getProject - ==>  Preparing: SELECT * FROM project WHERE project_id = ? 
2019-09-27 17:45:34.203 [http-nio-9090-exec-5] DEBUG c.jhbim.bimvr.dao.mapper.ProjectMapper.getProject - ==> Parameters: 5(Long)
2019-09-27 17:45:34.205 [http-nio-9090-exec-5] DEBUG c.jhbim.bimvr.dao.mapper.ProjectMapper.getProject - <==      Total: 1
2019-09-27 17:46:09.740 [http-nio-9090-exec-6] DEBUG c.jhbim.bimvr.dao.mapper.UserMapper.findByUserName - ==>  Preparing: select user_id, user_name, company_id, role_id, password, salt, name, phone, create_time, update_time, version, login_flag, open_id from user where user_name = ? 
2019-09-27 17:46:09.740 [http-nio-9090-exec-6] DEBUG c.jhbim.bimvr.dao.mapper.UserMapper.findByUserName - ==> Parameters: guest(String)
2019-09-27 17:46:09.743 [http-nio-9090-exec-6] DEBUG c.jhbim.bimvr.dao.mapper.UserMapper.findByUserName - <==      Total: 1
2019-09-27 17:46:10.197 [http-nio-9090-exec-7] DEBUG c.j.bimvr.dao.mapper.ProjectMapper.getProjectId - ==>  Preparing: SELECT project_id FROM company_project WHERE company_id = ? 
2019-09-27 17:46:10.198 [http-nio-9090-exec-7] DEBUG c.j.bimvr.dao.mapper.ProjectMapper.getProjectId - ==> Parameters: 1(Long)
2019-09-27 17:46:10.200 [http-nio-9090-exec-7] DEBUG c.j.bimvr.dao.mapper.ProjectMapper.getProjectId - <==      Total: 4
2019-09-27 17:46:10.201 [http-nio-9090-exec-7] DEBUG c.jhbim.bimvr.dao.mapper.ProjectMapper.getProject - ==>  Preparing: SELECT * FROM project WHERE project_id = ? 
2019-09-27 17:46:10.202 [http-nio-9090-exec-7] DEBUG c.jhbim.bimvr.dao.mapper.ProjectMapper.getProject - ==> Parameters: 2(Long)
2019-09-27 17:46:10.204 [http-nio-9090-exec-7] DEBUG c.jhbim.bimvr.dao.mapper.ProjectMapper.getProject - <==      Total: 1
2019-09-27 17:46:10.206 [http-nio-9090-exec-7] DEBUG c.jhbim.bimvr.dao.mapper.ProjectMapper.getProject - ==>  Preparing: SELECT * FROM project WHERE project_id = ? 
2019-09-27 17:46:10.206 [http-nio-9090-exec-7] DEBUG c.jhbim.bimvr.dao.mapper.ProjectMapper.getProject - ==> Parameters: 3(Long)
2019-09-27 17:46:10.208 [http-nio-9090-exec-7] DEBUG c.jhbim.bimvr.dao.mapper.ProjectMapper.getProject - <==      Total: 1
2019-09-27 17:46:10.209 [http-nio-9090-exec-7] DEBUG c.jhbim.bimvr.dao.mapper.ProjectMapper.getProject - ==>  Preparing: SELECT * FROM project WHERE project_id = ? 
2019-09-27 17:46:10.209 [http-nio-9090-exec-7] DEBUG c.jhbim.bimvr.dao.mapper.ProjectMapper.getProject - ==> Parameters: 4(Long)
2019-09-27 17:46:10.212 [http-nio-9090-exec-7] DEBUG c.jhbim.bimvr.dao.mapper.ProjectMapper.getProject - <==      Total: 1
2019-09-27 17:46:10.213 [http-nio-9090-exec-7] DEBUG c.jhbim.bimvr.dao.mapper.ProjectMapper.getProject - ==>  Preparing: SELECT * FROM project WHERE project_id = ? 
2019-09-27 17:46:10.213 [http-nio-9090-exec-7] DEBUG c.jhbim.bimvr.dao.mapper.ProjectMapper.getProject - ==> Parameters: 5(Long)
2019-09-27 17:46:10.215 [http-nio-9090-exec-7] DEBUG c.jhbim.bimvr.dao.mapper.ProjectMapper.getProject - <==      Total: 1
2019-09-27 17:46:42.906 [http-nio-9090-exec-8] DEBUG c.j.bimvr.dao.mapper.ProjectMapper.getProjectId - ==>  Preparing: SELECT project_id FROM company_project WHERE company_id = ? 
2019-09-27 17:46:42.906 [http-nio-9090-exec-8] DEBUG c.j.bimvr.dao.mapper.ProjectMapper.getProjectId - ==> Parameters: 1(Long)
2019-09-27 17:46:42.909 [http-nio-9090-exec-8] DEBUG c.j.bimvr.dao.mapper.ProjectMapper.getProjectId - <==      Total: 4
2019-09-27 17:46:42.910 [http-nio-9090-exec-8] DEBUG c.jhbim.bimvr.dao.mapper.ProjectMapper.getProject - ==>  Preparing: SELECT * FROM project WHERE project_id = ? 
2019-09-27 17:46:42.910 [http-nio-9090-exec-8] DEBUG c.jhbim.bimvr.dao.mapper.ProjectMapper.getProject - ==> Parameters: 2(Long)
2019-09-27 17:46:42.912 [http-nio-9090-exec-8] DEBUG c.jhbim.bimvr.dao.mapper.ProjectMapper.getProject - <==      Total: 1
2019-09-27 17:46:42.913 [http-nio-9090-exec-8] DEBUG c.jhbim.bimvr.dao.mapper.ProjectMapper.getProject - ==>  Preparing: SELECT * FROM project WHERE project_id = ? 
2019-09-27 17:46:42.914 [http-nio-9090-exec-8] DEBUG c.jhbim.bimvr.dao.mapper.ProjectMapper.getProject - ==> Parameters: 3(Long)
2019-09-27 17:46:42.915 [http-nio-9090-exec-8] DEBUG c.jhbim.bimvr.dao.mapper.ProjectMapper.getProject - <==      Total: 1
2019-09-27 17:46:42.916 [http-nio-9090-exec-8] DEBUG c.jhbim.bimvr.dao.mapper.ProjectMapper.getProject - ==>  Preparing: SELECT * FROM project WHERE project_id = ? 
2019-09-27 17:46:42.916 [http-nio-9090-exec-8] DEBUG c.jhbim.bimvr.dao.mapper.ProjectMapper.getProject - ==> Parameters: 4(Long)
2019-09-27 17:46:42.924 [http-nio-9090-exec-8] DEBUG c.jhbim.bimvr.dao.mapper.ProjectMapper.getProject - <==      Total: 1
2019-09-27 17:46:42.925 [http-nio-9090-exec-8] DEBUG c.jhbim.bimvr.dao.mapper.ProjectMapper.getProject - ==>  Preparing: SELECT * FROM project WHERE project_id = ? 
2019-09-27 17:46:42.925 [http-nio-9090-exec-8] DEBUG c.jhbim.bimvr.dao.mapper.ProjectMapper.getProject - ==> Parameters: 5(Long)
2019-09-27 17:46:42.927 [http-nio-9090-exec-8] DEBUG c.jhbim.bimvr.dao.mapper.ProjectMapper.getProject - <==      Total: 1
2019-09-27 17:46:54.821 [http-nio-9090-exec-9] DEBUG c.j.bimvr.dao.mapper.ProjectMapper.getProjectId - ==>  Preparing: SELECT project_id FROM company_project WHERE company_id = ? 
2019-09-27 17:46:54.822 [http-nio-9090-exec-9] DEBUG c.j.bimvr.dao.mapper.ProjectMapper.getProjectId - ==> Parameters: 1(Long)
2019-09-27 17:46:54.823 [http-nio-9090-exec-9] DEBUG c.j.bimvr.dao.mapper.ProjectMapper.getProjectId - <==      Total: 4
2019-09-27 17:46:54.825 [http-nio-9090-exec-9] DEBUG c.jhbim.bimvr.dao.mapper.ProjectMapper.getProject - ==>  Preparing: SELECT * FROM project WHERE project_id = ? 
2019-09-27 17:46:54.825 [http-nio-9090-exec-9] DEBUG c.jhbim.bimvr.dao.mapper.ProjectMapper.getProject - ==> Parameters: 2(Long)
2019-09-27 17:46:54.828 [http-nio-9090-exec-9] DEBUG c.jhbim.bimvr.dao.mapper.ProjectMapper.getProject - <==      Total: 1
2019-09-27 17:46:54.828 [http-nio-9090-exec-9] DEBUG c.jhbim.bimvr.dao.mapper.ProjectMapper.getProject - ==>  Preparing: SELECT * FROM project WHERE project_id = ? 
2019-09-27 17:46:54.829 [http-nio-9090-exec-9] DEBUG c.jhbim.bimvr.dao.mapper.ProjectMapper.getProject - ==> Parameters: 3(Long)
2019-09-27 17:46:54.831 [http-nio-9090-exec-9] DEBUG c.jhbim.bimvr.dao.mapper.ProjectMapper.getProject - <==      Total: 1
2019-09-27 17:46:54.831 [http-nio-9090-exec-9] DEBUG c.jhbim.bimvr.dao.mapper.ProjectMapper.getProject - ==>  Preparing: SELECT * FROM project WHERE project_id = ? 
2019-09-27 17:46:54.832 [http-nio-9090-exec-9] DEBUG c.jhbim.bimvr.dao.mapper.ProjectMapper.getProject - ==> Parameters: 4(Long)
2019-09-27 17:46:54.833 [http-nio-9090-exec-9] DEBUG c.jhbim.bimvr.dao.mapper.ProjectMapper.getProject - <==      Total: 1
2019-09-27 17:46:54.834 [http-nio-9090-exec-9] DEBUG c.jhbim.bimvr.dao.mapper.ProjectMapper.getProject - ==>  Preparing: SELECT * FROM project WHERE project_id = ? 
2019-09-27 17:46:54.834 [http-nio-9090-exec-9] DEBUG c.jhbim.bimvr.dao.mapper.ProjectMapper.getProject - ==> Parameters: 5(Long)
2019-09-27 17:46:54.836 [http-nio-9090-exec-9] DEBUG c.jhbim.bimvr.dao.mapper.ProjectMapper.getProject - <==      Total: 1
2019-09-27 17:54:21.370 [http-nio-9090-exec-10] DEBUG c.j.bimvr.dao.mapper.ProjectMapper.getProjectId - ==>  Preparing: SELECT project_id FROM company_project WHERE company_id = ? 
2019-09-27 17:54:21.370 [http-nio-9090-exec-10] DEBUG c.j.bimvr.dao.mapper.ProjectMapper.getProjectId - ==> Parameters: 1(Long)
2019-09-27 17:54:21.373 [http-nio-9090-exec-10] DEBUG c.j.bimvr.dao.mapper.ProjectMapper.getProjectId - <==      Total: 4
2019-09-27 17:54:21.373 [http-nio-9090-exec-10] DEBUG c.jhbim.bimvr.dao.mapper.ProjectMapper.getProject - ==>  Preparing: SELECT * FROM project WHERE project_id = ? 
2019-09-27 17:54:21.374 [http-nio-9090-exec-10] DEBUG c.jhbim.bimvr.dao.mapper.ProjectMapper.getProject - ==> Parameters: 2(Long)
2019-09-27 17:54:21.376 [http-nio-9090-exec-10] DEBUG c.jhbim.bimvr.dao.mapper.ProjectMapper.getProject - <==      Total: 1
2019-09-27 17:54:21.376 [http-nio-9090-exec-10] DEBUG c.jhbim.bimvr.dao.mapper.ProjectMapper.getProject - ==>  Preparing: SELECT * FROM project WHERE project_id = ? 
2019-09-27 17:54:21.377 [http-nio-9090-exec-10] DEBUG c.jhbim.bimvr.dao.mapper.ProjectMapper.getProject - ==> Parameters: 3(Long)
2019-09-27 17:54:21.379 [http-nio-9090-exec-10] DEBUG c.jhbim.bimvr.dao.mapper.ProjectMapper.getProject - <==      Total: 1
2019-09-27 17:54:21.379 [http-nio-9090-exec-10] DEBUG c.jhbim.bimvr.dao.mapper.ProjectMapper.getProject - ==>  Preparing: SELECT * FROM project WHERE project_id = ? 
2019-09-27 17:54:21.380 [http-nio-9090-exec-10] DEBUG c.jhbim.bimvr.dao.mapper.ProjectMapper.getProject - ==> Parameters: 4(Long)
2019-09-27 17:54:21.382 [http-nio-9090-exec-10] DEBUG c.jhbim.bimvr.dao.mapper.ProjectMapper.getProject - <==      Total: 1
2019-09-27 17:54:21.382 [http-nio-9090-exec-10] DEBUG c.jhbim.bimvr.dao.mapper.ProjectMapper.getProject - ==>  Preparing: SELECT * FROM project WHERE project_id = ? 
2019-09-27 17:54:21.382 [http-nio-9090-exec-10] DEBUG c.jhbim.bimvr.dao.mapper.ProjectMapper.getProject - ==> Parameters: 5(Long)
2019-09-27 17:54:21.384 [http-nio-9090-exec-10] DEBUG c.jhbim.bimvr.dao.mapper.ProjectMapper.getProject - <==      Total: 1
2019-09-27 17:57:26.146 [http-nio-9090-exec-1] DEBUG c.j.bimvr.dao.mapper.ProjectMapper.getProjectId - ==>  Preparing: SELECT project_id FROM company_project WHERE company_id = ? 
2019-09-27 17:57:26.146 [http-nio-9090-exec-1] DEBUG c.j.bimvr.dao.mapper.ProjectMapper.getProjectId - ==> Parameters: 1(Long)
2019-09-27 17:57:26.149 [http-nio-9090-exec-1] DEBUG c.j.bimvr.dao.mapper.ProjectMapper.getProjectId - <==      Total: 4
2019-09-27 17:57:26.150 [http-nio-9090-exec-1] DEBUG c.jhbim.bimvr.dao.mapper.ProjectMapper.getProject - ==>  Preparing: SELECT * FROM project WHERE project_id = ? 
2019-09-27 17:57:26.150 [http-nio-9090-exec-1] DEBUG c.jhbim.bimvr.dao.mapper.ProjectMapper.getProject - ==> Parameters: 2(Long)
2019-09-27 17:57:26.152 [http-nio-9090-exec-1] DEBUG c.jhbim.bimvr.dao.mapper.ProjectMapper.getProject - <==      Total: 1
2019-09-27 17:57:26.153 [http-nio-9090-exec-1] DEBUG c.jhbim.bimvr.dao.mapper.ProjectMapper.getProject - ==>  Preparing: SELECT * FROM project WHERE project_id = ? 
2019-09-27 17:57:26.154 [http-nio-9090-exec-1] DEBUG c.jhbim.bimvr.dao.mapper.ProjectMapper.getProject - ==> Parameters: 3(Long)
2019-09-27 17:57:26.156 [http-nio-9090-exec-1] DEBUG c.jhbim.bimvr.dao.mapper.ProjectMapper.getProject - <==      Total: 1
2019-09-27 17:57:26.157 [http-nio-9090-exec-1] DEBUG c.jhbim.bimvr.dao.mapper.ProjectMapper.getProject - ==>  Preparing: SELECT * FROM project WHERE project_id = ? 
2019-09-27 17:57:26.158 [http-nio-9090-exec-1] DEBUG c.jhbim.bimvr.dao.mapper.ProjectMapper.getProject - ==> Parameters: 4(Long)
2019-09-27 17:57:26.161 [http-nio-9090-exec-1] DEBUG c.jhbim.bimvr.dao.mapper.ProjectMapper.getProject - <==      Total: 1
2019-09-27 17:57:26.161 [http-nio-9090-exec-1] DEBUG c.jhbim.bimvr.dao.mapper.ProjectMapper.getProject - ==>  Preparing: SELECT * FROM project WHERE project_id = ? 
2019-09-27 17:57:26.162 [http-nio-9090-exec-1] DEBUG c.jhbim.bimvr.dao.mapper.ProjectMapper.getProject - ==> Parameters: 5(Long)
2019-09-27 17:57:26.164 [http-nio-9090-exec-1] DEBUG c.jhbim.bimvr.dao.mapper.ProjectMapper.getProject - <==      Total: 1
2019-09-27 17:58:21.694 [http-nio-9090-exec-2] DEBUG c.j.bimvr.dao.mapper.ProjectMapper.getProjectId - ==>  Preparing: SELECT project_id FROM company_project WHERE company_id = ? 
2019-09-27 17:58:21.694 [http-nio-9090-exec-2] DEBUG c.j.bimvr.dao.mapper.ProjectMapper.getProjectId - ==> Parameters: 1(Long)
2019-09-27 17:58:21.696 [http-nio-9090-exec-2] DEBUG c.j.bimvr.dao.mapper.ProjectMapper.getProjectId - <==      Total: 4
2019-09-27 17:58:21.697 [http-nio-9090-exec-2] DEBUG c.jhbim.bimvr.dao.mapper.ProjectMapper.getProject - ==>  Preparing: SELECT * FROM project WHERE project_id = ? 
2019-09-27 17:58:21.697 [http-nio-9090-exec-2] DEBUG c.jhbim.bimvr.dao.mapper.ProjectMapper.getProject - ==> Parameters: 2(Long)
2019-09-27 17:58:21.699 [http-nio-9090-exec-2] DEBUG c.jhbim.bimvr.dao.mapper.ProjectMapper.getProject - <==      Total: 1
2019-09-27 17:58:21.700 [http-nio-9090-exec-2] DEBUG c.jhbim.bimvr.dao.mapper.ProjectMapper.getProject - ==>  Preparing: SELECT * FROM project WHERE project_id = ? 
2019-09-27 17:58:21.700 [http-nio-9090-exec-2] DEBUG c.jhbim.bimvr.dao.mapper.ProjectMapper.getProject - ==> Parameters: 3(Long)
2019-09-27 17:58:21.702 [http-nio-9090-exec-2] DEBUG c.jhbim.bimvr.dao.mapper.ProjectMapper.getProject - <==      Total: 1
2019-09-27 17:58:21.703 [http-nio-9090-exec-2] DEBUG c.jhbim.bimvr.dao.mapper.ProjectMapper.getProject - ==>  Preparing: SELECT * FROM project WHERE project_id = ? 
2019-09-27 17:58:21.703 [http-nio-9090-exec-2] DEBUG c.jhbim.bimvr.dao.mapper.ProjectMapper.getProject - ==> Parameters: 4(Long)
2019-09-27 17:58:21.705 [http-nio-9090-exec-2] DEBUG c.jhbim.bimvr.dao.mapper.ProjectMapper.getProject - <==      Total: 1
2019-09-27 17:58:21.705 [http-nio-9090-exec-2] DEBUG c.jhbim.bimvr.dao.mapper.ProjectMapper.getProject - ==>  Preparing: SELECT * FROM project WHERE project_id = ? 
2019-09-27 17:58:21.705 [http-nio-9090-exec-2] DEBUG c.jhbim.bimvr.dao.mapper.ProjectMapper.getProject - ==> Parameters: 5(Long)
2019-09-27 17:58:21.707 [http-nio-9090-exec-2] DEBUG c.jhbim.bimvr.dao.mapper.ProjectMapper.getProject - <==      Total: 1
2019-09-27 17:58:41.790 [http-nio-9090-exec-3] DEBUG c.jhbim.bimvr.dao.mapper.UserMapper.findByUserName - ==>  Preparing: select user_id, user_name, company_id, role_id, password, salt, name, phone, create_time, update_time, version, login_flag, open_id from user where user_name = ? 
2019-09-27 17:58:41.790 [http-nio-9090-exec-3] DEBUG c.jhbim.bimvr.dao.mapper.UserMapper.findByUserName - ==> Parameters: guest(String)
2019-09-27 17:58:41.793 [http-nio-9090-exec-3] DEBUG c.jhbim.bimvr.dao.mapper.UserMapper.findByUserName - <==      Total: 1
2019-09-27 17:58:41.914 [http-nio-9090-exec-5] DEBUG c.j.bimvr.dao.mapper.ProjectMapper.getProjectId - ==>  Preparing: SELECT project_id FROM company_project WHERE company_id = ? 
2019-09-27 17:58:41.914 [http-nio-9090-exec-5] DEBUG c.j.bimvr.dao.mapper.ProjectMapper.getProjectId - ==> Parameters: 1(Long)
2019-09-27 17:58:41.917 [http-nio-9090-exec-5] DEBUG c.j.bimvr.dao.mapper.ProjectMapper.getProjectId - <==      Total: 4
2019-09-27 17:58:41.918 [http-nio-9090-exec-5] DEBUG c.jhbim.bimvr.dao.mapper.ProjectMapper.getProject - ==>  Preparing: SELECT * FROM project WHERE project_id = ? 
2019-09-27 17:58:41.918 [http-nio-9090-exec-5] DEBUG c.jhbim.bimvr.dao.mapper.ProjectMapper.getProject - ==> Parameters: 2(Long)
2019-09-27 17:58:41.921 [http-nio-9090-exec-5] DEBUG c.jhbim.bimvr.dao.mapper.ProjectMapper.getProject - <==      Total: 1
2019-09-27 17:58:41.922 [http-nio-9090-exec-5] DEBUG c.jhbim.bimvr.dao.mapper.ProjectMapper.getProject - ==>  Preparing: SELECT * FROM project WHERE project_id = ? 
2019-09-27 17:58:41.923 [http-nio-9090-exec-5] DEBUG c.jhbim.bimvr.dao.mapper.ProjectMapper.getProject - ==> Parameters: 3(Long)
2019-09-27 17:58:41.926 [http-nio-9090-exec-5] DEBUG c.jhbim.bimvr.dao.mapper.ProjectMapper.getProject - <==      Total: 1
2019-09-27 17:58:41.927 [http-nio-9090-exec-5] DEBUG c.jhbim.bimvr.dao.mapper.ProjectMapper.getProject - ==>  Preparing: SELECT * FROM project WHERE project_id = ? 
2019-09-27 17:58:41.927 [http-nio-9090-exec-5] DEBUG c.jhbim.bimvr.dao.mapper.ProjectMapper.getProject - ==> Parameters: 4(Long)
2019-09-27 17:58:41.930 [http-nio-9090-exec-5] DEBUG c.jhbim.bimvr.dao.mapper.ProjectMapper.getProject - <==      Total: 1
2019-09-27 17:58:41.931 [http-nio-9090-exec-5] DEBUG c.jhbim.bimvr.dao.mapper.ProjectMapper.getProject - ==>  Preparing: SELECT * FROM project WHERE project_id = ? 
2019-09-27 17:58:41.932 [http-nio-9090-exec-5] DEBUG c.jhbim.bimvr.dao.mapper.ProjectMapper.getProject - ==> Parameters: 5(Long)
2019-09-27 17:58:41.935 [http-nio-9090-exec-5] DEBUG c.jhbim.bimvr.dao.mapper.ProjectMapper.getProject - <==      Total: 1
2019-09-27 17:59:06.768 [http-nio-9090-exec-4] DEBUG c.jhbim.bimvr.dao.mapper.UserMapper.findByUserName - ==>  Preparing: select user_id, user_name, company_id, role_id, password, salt, name, phone, create_time, update_time, version, login_flag, open_id from user where user_name = ? 
2019-09-27 17:59:06.768 [http-nio-9090-exec-4] DEBUG c.jhbim.bimvr.dao.mapper.UserMapper.findByUserName - ==> Parameters: guest(String)
2019-09-27 17:59:06.771 [http-nio-9090-exec-4] DEBUG c.jhbim.bimvr.dao.mapper.UserMapper.findByUserName - <==      Total: 1
2019-09-27 17:59:06.885 [http-nio-9090-exec-6] DEBUG c.j.bimvr.dao.mapper.ProjectMapper.getProjectId - ==>  Preparing: SELECT project_id FROM company_project WHERE company_id = ? 
2019-09-27 17:59:06.885 [http-nio-9090-exec-6] DEBUG c.j.bimvr.dao.mapper.ProjectMapper.getProjectId - ==> Parameters: 1(Long)
2019-09-27 17:59:06.889 [http-nio-9090-exec-6] DEBUG c.j.bimvr.dao.mapper.ProjectMapper.getProjectId - <==      Total: 4
2019-09-27 17:59:06.890 [http-nio-9090-exec-6] DEBUG c.jhbim.bimvr.dao.mapper.ProjectMapper.getProject - ==>  Preparing: SELECT * FROM project WHERE project_id = ? 
2019-09-27 17:59:06.890 [http-nio-9090-exec-6] DEBUG c.jhbim.bimvr.dao.mapper.ProjectMapper.getProject - ==> Parameters: 2(Long)
2019-09-27 17:59:06.893 [http-nio-9090-exec-6] DEBUG c.jhbim.bimvr.dao.mapper.ProjectMapper.getProject - <==      Total: 1
2019-09-27 17:59:06.894 [http-nio-9090-exec-6] DEBUG c.jhbim.bimvr.dao.mapper.ProjectMapper.getProject - ==>  Preparing: SELECT * FROM project WHERE project_id = ? 
2019-09-27 17:59:06.894 [http-nio-9090-exec-6] DEBUG c.jhbim.bimvr.dao.mapper.ProjectMapper.getProject - ==> Parameters: 3(Long)
2019-09-27 17:59:06.896 [http-nio-9090-exec-6] DEBUG c.jhbim.bimvr.dao.mapper.ProjectMapper.getProject - <==      Total: 1
2019-09-27 17:59:06.897 [http-nio-9090-exec-6] DEBUG c.jhbim.bimvr.dao.mapper.ProjectMapper.getProject - ==>  Preparing: SELECT * FROM project WHERE project_id = ? 
2019-09-27 17:59:06.898 [http-nio-9090-exec-6] DEBUG c.jhbim.bimvr.dao.mapper.ProjectMapper.getProject - ==> Parameters: 4(Long)
2019-09-27 17:59:06.901 [http-nio-9090-exec-6] DEBUG c.jhbim.bimvr.dao.mapper.ProjectMapper.getProject - <==      Total: 1
2019-09-27 17:59:06.902 [http-nio-9090-exec-6] DEBUG c.jhbim.bimvr.dao.mapper.ProjectMapper.getProject - ==>  Preparing: SELECT * FROM project WHERE project_id = ? 
2019-09-27 17:59:06.902 [http-nio-9090-exec-6] DEBUG c.jhbim.bimvr.dao.mapper.ProjectMapper.getProject - ==> Parameters: 5(Long)
2019-09-27 17:59:06.905 [http-nio-9090-exec-6] DEBUG c.jhbim.bimvr.dao.mapper.ProjectMapper.getProject - <==      Total: 1
2019-09-27 18:01:01.774 [http-nio-9090-exec-7] DEBUG c.jhbim.bimvr.dao.mapper.UserMapper.findByUserName - ==>  Preparing: select user_id, user_name, company_id, role_id, password, salt, name, phone, create_time, update_time, version, login_flag, open_id from user where user_name = ? 
2019-09-27 18:01:01.774 [http-nio-9090-exec-7] DEBUG c.jhbim.bimvr.dao.mapper.UserMapper.findByUserName - ==> Parameters: guest(String)
2019-09-27 18:01:01.776 [http-nio-9090-exec-7] DEBUG c.jhbim.bimvr.dao.mapper.UserMapper.findByUserName - <==      Total: 1
2019-09-27 18:01:01.873 [http-nio-9090-exec-8] DEBUG c.j.bimvr.dao.mapper.ProjectMapper.getProjectId - ==>  Preparing: SELECT project_id FROM company_project WHERE company_id = ? 
2019-09-27 18:01:01.874 [http-nio-9090-exec-8] DEBUG c.j.bimvr.dao.mapper.ProjectMapper.getProjectId - ==> Parameters: 1(Long)
2019-09-27 18:01:01.876 [http-nio-9090-exec-8] DEBUG c.j.bimvr.dao.mapper.ProjectMapper.getProjectId - <==      Total: 4
2019-09-27 18:01:01.876 [http-nio-9090-exec-8] DEBUG c.jhbim.bimvr.dao.mapper.ProjectMapper.getProject - ==>  Preparing: SELECT * FROM project WHERE project_id = ? 
2019-09-27 18:01:01.877 [http-nio-9090-exec-8] DEBUG c.jhbim.bimvr.dao.mapper.ProjectMapper.getProject - ==> Parameters: 2(Long)
2019-09-27 18:01:01.879 [http-nio-9090-exec-8] DEBUG c.jhbim.bimvr.dao.mapper.ProjectMapper.getProject - <==      Total: 1
2019-09-27 18:01:01.880 [http-nio-9090-exec-8] DEBUG c.jhbim.bimvr.dao.mapper.ProjectMapper.getProject - ==>  Preparing: SELECT * FROM project WHERE project_id = ? 
2019-09-27 18:01:01.880 [http-nio-9090-exec-8] DEBUG c.jhbim.bimvr.dao.mapper.ProjectMapper.getProject - ==> Parameters: 3(Long)
2019-09-27 18:01:01.883 [http-nio-9090-exec-8] DEBUG c.jhbim.bimvr.dao.mapper.ProjectMapper.getProject - <==      Total: 1
2019-09-27 18:01:01.884 [http-nio-9090-exec-8] DEBUG c.jhbim.bimvr.dao.mapper.ProjectMapper.getProject - ==>  Preparing: SELECT * FROM project WHERE project_id = ? 
2019-09-27 18:01:01.884 [http-nio-9090-exec-8] DEBUG c.jhbim.bimvr.dao.mapper.ProjectMapper.getProject - ==> Parameters: 4(Long)
2019-09-27 18:01:01.887 [http-nio-9090-exec-8] DEBUG c.jhbim.bimvr.dao.mapper.ProjectMapper.getProject - <==      Total: 1
2019-09-27 18:01:01.888 [http-nio-9090-exec-8] DEBUG c.jhbim.bimvr.dao.mapper.ProjectMapper.getProject - ==>  Preparing: SELECT * FROM project WHERE project_id = ? 
2019-09-27 18:01:01.888 [http-nio-9090-exec-8] DEBUG c.jhbim.bimvr.dao.mapper.ProjectMapper.getProject - ==> Parameters: 5(Long)
2019-09-27 18:01:01.890 [http-nio-9090-exec-8] DEBUG c.jhbim.bimvr.dao.mapper.ProjectMapper.getProject - <==      Total: 1
2019-09-27 18:02:58.033 [http-nio-9090-exec-9] DEBUG c.jhbim.bimvr.dao.mapper.UserMapper.findByUserName - ==>  Preparing: select user_id, user_name, company_id, role_id, password, salt, name, phone, create_time, update_time, version, login_flag, open_id from user where user_name = ? 
2019-09-27 18:02:58.033 [http-nio-9090-exec-9] DEBUG c.jhbim.bimvr.dao.mapper.UserMapper.findByUserName - ==> Parameters: guest(String)
2019-09-27 18:02:58.036 [http-nio-9090-exec-9] DEBUG c.jhbim.bimvr.dao.mapper.UserMapper.findByUserName - <==      Total: 1
2019-09-27 18:02:58.136 [http-nio-9090-exec-10] DEBUG c.j.bimvr.dao.mapper.ProjectMapper.getProjectId - ==>  Preparing: SELECT project_id FROM company_project WHERE company_id = ? 
2019-09-27 18:02:58.136 [http-nio-9090-exec-10] DEBUG c.j.bimvr.dao.mapper.ProjectMapper.getProjectId - ==> Parameters: 1(Long)
2019-09-27 18:02:58.139 [http-nio-9090-exec-10] DEBUG c.j.bimvr.dao.mapper.ProjectMapper.getProjectId - <==      Total: 4
2019-09-27 18:02:58.140 [http-nio-9090-exec-10] DEBUG c.jhbim.bimvr.dao.mapper.ProjectMapper.getProject - ==>  Preparing: SELECT * FROM project WHERE project_id = ? 
2019-09-27 18:02:58.140 [http-nio-9090-exec-10] DEBUG c.jhbim.bimvr.dao.mapper.ProjectMapper.getProject - ==> Parameters: 2(Long)
2019-09-27 18:02:58.143 [http-nio-9090-exec-10] DEBUG c.jhbim.bimvr.dao.mapper.ProjectMapper.getProject - <==      Total: 1
2019-09-27 18:02:58.143 [http-nio-9090-exec-10] DEBUG c.jhbim.bimvr.dao.mapper.ProjectMapper.getProject - ==>  Preparing: SELECT * FROM project WHERE project_id = ? 
2019-09-27 18:02:58.144 [http-nio-9090-exec-10] DEBUG c.jhbim.bimvr.dao.mapper.ProjectMapper.getProject - ==> Parameters: 3(Long)
2019-09-27 18:02:58.150 [http-nio-9090-exec-10] DEBUG c.jhbim.bimvr.dao.mapper.ProjectMapper.getProject - <==      Total: 1
2019-09-27 18:02:58.151 [http-nio-9090-exec-10] DEBUG c.jhbim.bimvr.dao.mapper.ProjectMapper.getProject - ==>  Preparing: SELECT * FROM project WHERE project_id = ? 
2019-09-27 18:02:58.151 [http-nio-9090-exec-10] DEBUG c.jhbim.bimvr.dao.mapper.ProjectMapper.getProject - ==> Parameters: 4(Long)
2019-09-27 18:02:58.154 [http-nio-9090-exec-10] DEBUG c.jhbim.bimvr.dao.mapper.ProjectMapper.getProject - <==      Total: 1
2019-09-27 18:02:58.155 [http-nio-9090-exec-10] DEBUG c.jhbim.bimvr.dao.mapper.ProjectMapper.getProject - ==>  Preparing: SELECT * FROM project WHERE project_id = ? 
2019-09-27 18:02:58.155 [http-nio-9090-exec-10] DEBUG c.jhbim.bimvr.dao.mapper.ProjectMapper.getProject - ==> Parameters: 5(Long)
2019-09-27 18:02:58.158 [http-nio-9090-exec-10] DEBUG c.jhbim.bimvr.dao.mapper.ProjectMapper.getProject - <==      Total: 1
2019-09-27 18:05:59.711 [http-nio-9090-exec-1] DEBUG c.jhbim.bimvr.dao.mapper.UserMapper.findByUserName - ==>  Preparing: select user_id, user_name, company_id, role_id, password, salt, name, phone, create_time, update_time, version, login_flag, open_id from user where user_name = ? 
2019-09-27 18:05:59.711 [http-nio-9090-exec-1] DEBUG c.jhbim.bimvr.dao.mapper.UserMapper.findByUserName - ==> Parameters: guest(String)
2019-09-27 18:05:59.714 [http-nio-9090-exec-1] DEBUG c.jhbim.bimvr.dao.mapper.UserMapper.findByUserName - <==      Total: 1
2019-09-27 18:05:59.831 [http-nio-9090-exec-2] DEBUG c.j.bimvr.dao.mapper.ProjectMapper.getProjectId - ==>  Preparing: SELECT project_id FROM company_project WHERE company_id = ? 
2019-09-27 18:05:59.831 [http-nio-9090-exec-2] DEBUG c.j.bimvr.dao.mapper.ProjectMapper.getProjectId - ==> Parameters: 1(Long)
2019-09-27 18:05:59.834 [http-nio-9090-exec-2] DEBUG c.j.bimvr.dao.mapper.ProjectMapper.getProjectId - <==      Total: 4
2019-09-27 18:05:59.835 [http-nio-9090-exec-2] DEBUG c.jhbim.bimvr.dao.mapper.ProjectMapper.getProject - ==>  Preparing: SELECT * FROM project WHERE project_id = ? 
2019-09-27 18:05:59.835 [http-nio-9090-exec-2] DEBUG c.jhbim.bimvr.dao.mapper.ProjectMapper.getProject - ==> Parameters: 2(Long)
2019-09-27 18:05:59.838 [http-nio-9090-exec-2] DEBUG c.jhbim.bimvr.dao.mapper.ProjectMapper.getProject - <==      Total: 1
2019-09-27 18:05:59.839 [http-nio-9090-exec-2] DEBUG c.jhbim.bimvr.dao.mapper.ProjectMapper.getProject - ==>  Preparing: SELECT * FROM project WHERE project_id = ? 
2019-09-27 18:05:59.839 [http-nio-9090-exec-2] DEBUG c.jhbim.bimvr.dao.mapper.ProjectMapper.getProject - ==> Parameters: 3(Long)
2019-09-27 18:05:59.841 [http-nio-9090-exec-2] DEBUG c.jhbim.bimvr.dao.mapper.ProjectMapper.getProject - <==      Total: 1
2019-09-27 18:05:59.841 [http-nio-9090-exec-2] DEBUG c.jhbim.bimvr.dao.mapper.ProjectMapper.getProject - ==>  Preparing: SELECT * FROM project WHERE project_id = ? 
2019-09-27 18:05:59.842 [http-nio-9090-exec-2] DEBUG c.jhbim.bimvr.dao.mapper.ProjectMapper.getProject - ==> Parameters: 4(Long)
2019-09-27 18:05:59.844 [http-nio-9090-exec-2] DEBUG c.jhbim.bimvr.dao.mapper.ProjectMapper.getProject - <==      Total: 1
2019-09-27 18:05:59.845 [http-nio-9090-exec-2] DEBUG c.jhbim.bimvr.dao.mapper.ProjectMapper.getProject - ==>  Preparing: SELECT * FROM project WHERE project_id = ? 
2019-09-27 18:05:59.846 [http-nio-9090-exec-2] DEBUG c.jhbim.bimvr.dao.mapper.ProjectMapper.getProject - ==> Parameters: 5(Long)
2019-09-27 18:05:59.848 [http-nio-9090-exec-2] DEBUG c.jhbim.bimvr.dao.mapper.ProjectMapper.getProject - <==      Total: 1
2019-09-27 18:06:45.169 [http-nio-9090-exec-3] DEBUG c.jhbim.bimvr.dao.mapper.UserMapper.findByUserName - ==>  Preparing: select user_id, user_name, company_id, role_id, password, salt, name, phone, create_time, update_time, version, login_flag, open_id from user where user_name = ? 
2019-09-27 18:06:45.170 [http-nio-9090-exec-3] DEBUG c.jhbim.bimvr.dao.mapper.UserMapper.findByUserName - ==> Parameters: guest(String)
2019-09-27 18:06:45.172 [http-nio-9090-exec-3] DEBUG c.jhbim.bimvr.dao.mapper.UserMapper.findByUserName - <==      Total: 1
2019-09-27 18:06:45.273 [http-nio-9090-exec-5] DEBUG c.j.bimvr.dao.mapper.ProjectMapper.getProjectId - ==>  Preparing: SELECT project_id FROM company_project WHERE company_id = ? 
2019-09-27 18:06:45.273 [http-nio-9090-exec-5] DEBUG c.j.bimvr.dao.mapper.ProjectMapper.getProjectId - ==> Parameters: 1(Long)
2019-09-27 18:06:45.276 [http-nio-9090-exec-5] DEBUG c.j.bimvr.dao.mapper.ProjectMapper.getProjectId - <==      Total: 4
2019-09-27 18:06:45.277 [http-nio-9090-exec-5] DEBUG c.jhbim.bimvr.dao.mapper.ProjectMapper.getProject - ==>  Preparing: SELECT * FROM project WHERE project_id = ? 
2019-09-27 18:06:45.277 [http-nio-9090-exec-5] DEBUG c.jhbim.bimvr.dao.mapper.ProjectMapper.getProject - ==> Parameters: 2(Long)
2019-09-27 18:06:45.280 [http-nio-9090-exec-5] DEBUG c.jhbim.bimvr.dao.mapper.ProjectMapper.getProject - <==      Total: 1
2019-09-27 18:06:45.280 [http-nio-9090-exec-5] DEBUG c.jhbim.bimvr.dao.mapper.ProjectMapper.getProject - ==>  Preparing: SELECT * FROM project WHERE project_id = ? 
2019-09-27 18:06:45.281 [http-nio-9090-exec-5] DEBUG c.jhbim.bimvr.dao.mapper.ProjectMapper.getProject - ==> Parameters: 3(Long)
2019-09-27 18:06:45.284 [http-nio-9090-exec-5] DEBUG c.jhbim.bimvr.dao.mapper.ProjectMapper.getProject - <==      Total: 1
2019-09-27 18:06:45.284 [http-nio-9090-exec-5] DEBUG c.jhbim.bimvr.dao.mapper.ProjectMapper.getProject - ==>  Preparing: SELECT * FROM project WHERE project_id = ? 
2019-09-27 18:06:45.285 [http-nio-9090-exec-5] DEBUG c.jhbim.bimvr.dao.mapper.ProjectMapper.getProject - ==> Parameters: 4(Long)
2019-09-27 18:06:45.287 [http-nio-9090-exec-5] DEBUG c.jhbim.bimvr.dao.mapper.ProjectMapper.getProject - <==      Total: 1
2019-09-27 18:06:45.289 [http-nio-9090-exec-5] DEBUG c.jhbim.bimvr.dao.mapper.ProjectMapper.getProject - ==>  Preparing: SELECT * FROM project WHERE project_id = ? 
2019-09-27 18:06:45.289 [http-nio-9090-exec-5] DEBUG c.jhbim.bimvr.dao.mapper.ProjectMapper.getProject - ==> Parameters: 5(Long)
2019-09-27 18:06:45.292 [http-nio-9090-exec-5] DEBUG c.jhbim.bimvr.dao.mapper.ProjectMapper.getProject - <==      Total: 1
2019-09-27 18:07:53.500 [http-nio-9090-exec-4] DEBUG c.jhbim.bimvr.dao.mapper.UserMapper.findByUserName - ==>  Preparing: select user_id, user_name, company_id, role_id, password, salt, name, phone, create_time, update_time, version, login_flag, open_id from user where user_name = ? 
2019-09-27 18:07:53.501 [http-nio-9090-exec-4] DEBUG c.jhbim.bimvr.dao.mapper.UserMapper.findByUserName - ==> Parameters: guest(String)
2019-09-27 18:07:53.503 [http-nio-9090-exec-4] DEBUG c.jhbim.bimvr.dao.mapper.UserMapper.findByUserName - <==      Total: 1
2019-09-27 18:07:53.603 [http-nio-9090-exec-6] DEBUG c.j.bimvr.dao.mapper.ProjectMapper.getProjectId - ==>  Preparing: SELECT project_id FROM company_project WHERE company_id = ? 
2019-09-27 18:07:53.604 [http-nio-9090-exec-6] DEBUG c.j.bimvr.dao.mapper.ProjectMapper.getProjectId - ==> Parameters: 1(Long)
2019-09-27 18:07:53.606 [http-nio-9090-exec-6] DEBUG c.j.bimvr.dao.mapper.ProjectMapper.getProjectId - <==      Total: 4
2019-09-27 18:07:53.607 [http-nio-9090-exec-6] DEBUG c.jhbim.bimvr.dao.mapper.ProjectMapper.getProject - ==>  Preparing: SELECT * FROM project WHERE project_id = ? 
2019-09-27 18:07:53.607 [http-nio-9090-exec-6] DEBUG c.jhbim.bimvr.dao.mapper.ProjectMapper.getProject - ==> Parameters: 2(Long)
2019-09-27 18:07:53.610 [http-nio-9090-exec-6] DEBUG c.jhbim.bimvr.dao.mapper.ProjectMapper.getProject - <==      Total: 1
2019-09-27 18:07:53.611 [http-nio-9090-exec-6] DEBUG c.jhbim.bimvr.dao.mapper.ProjectMapper.getProject - ==>  Preparing: SELECT * FROM project WHERE project_id = ? 
2019-09-27 18:07:53.611 [http-nio-9090-exec-6] DEBUG c.jhbim.bimvr.dao.mapper.ProjectMapper.getProject - ==> Parameters: 3(Long)
2019-09-27 18:07:53.614 [http-nio-9090-exec-6] DEBUG c.jhbim.bimvr.dao.mapper.ProjectMapper.getProject - <==      Total: 1
2019-09-27 18:07:53.619 [http-nio-9090-exec-6] DEBUG c.jhbim.bimvr.dao.mapper.ProjectMapper.getProject - ==>  Preparing: SELECT * FROM project WHERE project_id = ? 
2019-09-27 18:07:53.619 [http-nio-9090-exec-6] DEBUG c.jhbim.bimvr.dao.mapper.ProjectMapper.getProject - ==> Parameters: 4(Long)
2019-09-27 18:07:53.622 [http-nio-9090-exec-6] DEBUG c.jhbim.bimvr.dao.mapper.ProjectMapper.getProject - <==      Total: 1
2019-09-27 18:07:53.622 [http-nio-9090-exec-6] DEBUG c.jhbim.bimvr.dao.mapper.ProjectMapper.getProject - ==>  Preparing: SELECT * FROM project WHERE project_id = ? 
2019-09-27 18:07:53.622 [http-nio-9090-exec-6] DEBUG c.jhbim.bimvr.dao.mapper.ProjectMapper.getProject - ==> Parameters: 5(Long)
2019-09-27 18:07:53.625 [http-nio-9090-exec-6] DEBUG c.jhbim.bimvr.dao.mapper.ProjectMapper.getProject - <==      Total: 1
2019-09-27 18:09:03.157 [http-nio-9090-exec-8] DEBUG c.jhbim.bimvr.dao.mapper.UserMapper.findByUserName - ==>  Preparing: select user_id, user_name, company_id, role_id, password, salt, name, phone, create_time, update_time, version, login_flag, open_id from user where user_name = ? 
2019-09-27 18:09:03.158 [http-nio-9090-exec-8] DEBUG c.jhbim.bimvr.dao.mapper.UserMapper.findByUserName - ==> Parameters: guest(String)
2019-09-27 18:09:03.160 [http-nio-9090-exec-8] DEBUG c.jhbim.bimvr.dao.mapper.UserMapper.findByUserName - <==      Total: 1
2019-09-27 18:09:03.272 [http-nio-9090-exec-9] DEBUG c.j.bimvr.dao.mapper.ProjectMapper.getProjectId - ==>  Preparing: SELECT project_id FROM company_project WHERE company_id = ? 
2019-09-27 18:09:03.272 [http-nio-9090-exec-9] DEBUG c.j.bimvr.dao.mapper.ProjectMapper.getProjectId - ==> Parameters: 1(Long)
2019-09-27 18:09:03.276 [http-nio-9090-exec-9] DEBUG c.j.bimvr.dao.mapper.ProjectMapper.getProjectId - <==      Total: 4
2019-09-27 18:09:03.276 [http-nio-9090-exec-9] DEBUG c.jhbim.bimvr.dao.mapper.ProjectMapper.getProject - ==>  Preparing: SELECT * FROM project WHERE project_id = ? 
2019-09-27 18:09:03.276 [http-nio-9090-exec-9] DEBUG c.jhbim.bimvr.dao.mapper.ProjectMapper.getProject - ==> Parameters: 2(Long)
2019-09-27 18:09:03.279 [http-nio-9090-exec-9] DEBUG c.jhbim.bimvr.dao.mapper.ProjectMapper.getProject - <==      Total: 1
2019-09-27 18:09:03.280 [http-nio-9090-exec-9] DEBUG c.jhbim.bimvr.dao.mapper.ProjectMapper.getProject - ==>  Preparing: SELECT * FROM project WHERE project_id = ? 
2019-09-27 18:09:03.280 [http-nio-9090-exec-9] DEBUG c.jhbim.bimvr.dao.mapper.ProjectMapper.getProject - ==> Parameters: 3(Long)
2019-09-27 18:09:03.283 [http-nio-9090-exec-9] DEBUG c.jhbim.bimvr.dao.mapper.ProjectMapper.getProject - <==      Total: 1
2019-09-27 18:09:03.283 [http-nio-9090-exec-9] DEBUG c.jhbim.bimvr.dao.mapper.ProjectMapper.getProject - ==>  Preparing: SELECT * FROM project WHERE project_id = ? 
2019-09-27 18:09:03.284 [http-nio-9090-exec-9] DEBUG c.jhbim.bimvr.dao.mapper.ProjectMapper.getProject - ==> Parameters: 4(Long)
2019-09-27 18:09:03.286 [http-nio-9090-exec-9] DEBUG c.jhbim.bimvr.dao.mapper.ProjectMapper.getProject - <==      Total: 1
2019-09-27 18:09:03.287 [http-nio-9090-exec-9] DEBUG c.jhbim.bimvr.dao.mapper.ProjectMapper.getProject - ==>  Preparing: SELECT * FROM project WHERE project_id = ? 
2019-09-27 18:09:03.287 [http-nio-9090-exec-9] DEBUG c.jhbim.bimvr.dao.mapper.ProjectMapper.getProject - ==> Parameters: 5(Long)
2019-09-27 18:09:03.289 [http-nio-9090-exec-9] DEBUG c.jhbim.bimvr.dao.mapper.ProjectMapper.getProject - <==      Total: 1
