2019-09-28 16:50:32.345 [http-nio-9090-exec-8] DEBUG c.j.bimvr.dao.mapper.VersionMapper.checkVersion - ==>  Preparing: SELECT version, content, downloadurl, updateflag, updatetime, createtime FROM version ORDER BY createtime DESC LIMIT 1 
2019-09-28 16:50:32.358 [http-nio-9090-exec-8] DEBUG c.j.bimvr.dao.mapper.VersionMapper.checkVersion - ==> Parameters: 
2019-09-28 16:50:32.391 [http-nio-9090-exec-8] DEBUG c.j.bimvr.dao.mapper.VersionMapper.checkVersion - <==      Total: 1
2019-09-28 16:50:37.537 [http-nio-9090-exec-9] DEBUG c.jhbim.bimvr.dao.mapper.UserMapper.findByUserName - ==>  Preparing: select user_id, user_name, company_id, role_id, password, salt, name, phone, create_time, update_time, version, login_flag, open_id from user where user_name = ? 
2019-09-28 16:50:37.540 [http-nio-9090-exec-9] DEBUG c.jhbim.bimvr.dao.mapper.UserMapper.findByUserName - ==> Parameters: guest(String)
2019-09-28 16:50:37.545 [http-nio-9090-exec-9] DEBUG c.jhbim.bimvr.dao.mapper.UserMapper.findByUserName - <==      Total: 1
2019-09-28 16:50:37.778 [http-nio-9090-exec-10] DEBUG c.j.bimvr.dao.mapper.ProjectMapper.getProjectId - ==>  Preparing: SELECT project_id FROM company_project WHERE company_id = ? 
2019-09-28 16:50:37.778 [http-nio-9090-exec-10] DEBUG c.j.bimvr.dao.mapper.ProjectMapper.getProjectId - ==> Parameters: 1(Long)
2019-09-28 16:50:37.785 [http-nio-9090-exec-10] DEBUG c.j.bimvr.dao.mapper.ProjectMapper.getProjectId - <==      Total: 4
2019-09-28 16:50:37.786 [http-nio-9090-exec-10] DEBUG c.jhbim.bimvr.dao.mapper.ProjectMapper.getProject - ==>  Preparing: SELECT * FROM project WHERE project_id = ? 
2019-09-28 16:50:37.786 [http-nio-9090-exec-10] DEBUG c.jhbim.bimvr.dao.mapper.ProjectMapper.getProject - ==> Parameters: 2(Long)
2019-09-28 16:50:37.796 [http-nio-9090-exec-10] DEBUG c.jhbim.bimvr.dao.mapper.ProjectMapper.getProject - <==      Total: 1
2019-09-28 16:50:37.797 [http-nio-9090-exec-10] DEBUG c.jhbim.bimvr.dao.mapper.ProjectMapper.getProject - ==>  Preparing: SELECT * FROM project WHERE project_id = ? 
2019-09-28 16:50:37.797 [http-nio-9090-exec-10] DEBUG c.jhbim.bimvr.dao.mapper.ProjectMapper.getProject - ==> Parameters: 3(Long)
2019-09-28 16:50:37.800 [http-nio-9090-exec-10] DEBUG c.jhbim.bimvr.dao.mapper.ProjectMapper.getProject - <==      Total: 1
2019-09-28 16:50:37.801 [http-nio-9090-exec-10] DEBUG c.jhbim.bimvr.dao.mapper.ProjectMapper.getProject - ==>  Preparing: SELECT * FROM project WHERE project_id = ? 
2019-09-28 16:50:37.801 [http-nio-9090-exec-10] DEBUG c.jhbim.bimvr.dao.mapper.ProjectMapper.getProject - ==> Parameters: 4(Long)
2019-09-28 16:50:37.804 [http-nio-9090-exec-10] DEBUG c.jhbim.bimvr.dao.mapper.ProjectMapper.getProject - <==      Total: 1
2019-09-28 16:50:37.805 [http-nio-9090-exec-10] DEBUG c.jhbim.bimvr.dao.mapper.ProjectMapper.getProject - ==>  Preparing: SELECT * FROM project WHERE project_id = ? 
2019-09-28 16:50:37.805 [http-nio-9090-exec-10] DEBUG c.jhbim.bimvr.dao.mapper.ProjectMapper.getProject - ==> Parameters: 5(Long)
2019-09-28 16:50:37.808 [http-nio-9090-exec-10] DEBUG c.jhbim.bimvr.dao.mapper.ProjectMapper.getProject - <==      Total: 1
2019-09-28 16:50:45.160 [http-nio-9090-exec-1] DEBUG c.jhbim.bimvr.dao.mapper.ResModelMapper.getOneRes - ==>  Preparing: select res_model_id, model_id, project_id, company_id, url from res_model where model_id = ? and project_id = ? and company_id = ? 
2019-09-28 16:50:45.172 [http-nio-9090-exec-1] DEBUG c.jhbim.bimvr.dao.mapper.ResModelMapper.getOneRes - ==> Parameters: 1(String), 2(Long), 1(Long)
2019-09-28 16:50:45.202 [http-nio-9090-exec-1] DEBUG c.jhbim.bimvr.dao.mapper.ResModelMapper.getOneRes - <==      Total: 1
2019-09-28 16:50:53.221 [http-nio-9090-exec-2] DEBUG c.j.bimvr.dao.mapper.ResDrawingMapper.getOneRes - ==>  Preparing: select res_picture_id, model_id, project_id, company_id, url,draw_name,draw_type from res_drawing where model_id = ? and project_id = ? and company_id = ? 
2019-09-28 16:50:53.223 [http-nio-9090-exec-2] DEBUG c.j.bimvr.dao.mapper.ResDrawingMapper.getOneRes - ==> Parameters: 1(String), 2(Long), 1(Long)
2019-09-28 16:50:53.236 [http-nio-9090-exec-2] DEBUG c.j.bimvr.dao.mapper.ResDrawingMapper.getOneRes - <==      Total: 0
2019-09-28 16:50:54.810 [http-nio-9090-exec-3] DEBUG c.j.bimvr.dao.mapper.ResMeterialMapper.getOneRes - ==>  Preparing: select res_meterial_id, model_id, project_id, company_id, url from res_meterial where model_id = ? and project_id = ? and company_id = ? 
2019-09-28 16:50:54.812 [http-nio-9090-exec-3] DEBUG c.j.bimvr.dao.mapper.ResMeterialMapper.getOneRes - ==> Parameters: 1(String), 2(Long), 1(Long)
2019-09-28 16:50:54.817 [http-nio-9090-exec-3] DEBUG c.j.bimvr.dao.mapper.ResMeterialMapper.getOneRes - <==      Total: 0
2019-09-28 16:50:56.120 [http-nio-9090-exec-5] DEBUG c.jhbim.bimvr.dao.mapper.ResModelMapper.getOneRes - ==>  Preparing: select res_model_id, model_id, project_id, company_id, url from res_model where model_id = ? and project_id = ? and company_id = ? 
2019-09-28 16:50:56.121 [http-nio-9090-exec-5] DEBUG c.jhbim.bimvr.dao.mapper.ResModelMapper.getOneRes - ==> Parameters: 1(String), 2(Long), 1(Long)
2019-09-28 16:50:56.123 [http-nio-9090-exec-5] DEBUG c.jhbim.bimvr.dao.mapper.ResModelMapper.getOneRes - <==      Total: 1
2019-09-28 16:51:00.143 [http-nio-9090-exec-4] DEBUG c.jhbim.bimvr.dao.mapper.ResModelMapper.getOneRes - ==>  Preparing: select res_model_id, model_id, project_id, company_id, url from res_model where model_id = ? and project_id = ? and company_id = ? 
2019-09-28 16:51:00.144 [http-nio-9090-exec-4] DEBUG c.jhbim.bimvr.dao.mapper.ResModelMapper.getOneRes - ==> Parameters: 2(String), 2(Long), 1(Long)
2019-09-28 16:51:00.146 [http-nio-9090-exec-4] DEBUG c.jhbim.bimvr.dao.mapper.ResModelMapper.getOneRes - <==      Total: 0
2019-09-28 16:51:08.568 [http-nio-9090-exec-6] DEBUG c.j.bimvr.dao.mapper.ProjectMapper.getProjectId - ==>  Preparing: SELECT project_id FROM company_project WHERE company_id = ? 
2019-09-28 16:51:08.568 [http-nio-9090-exec-6] DEBUG c.j.bimvr.dao.mapper.ProjectMapper.getProjectId - ==> Parameters: 1(Long)
2019-09-28 16:51:08.570 [http-nio-9090-exec-6] DEBUG c.j.bimvr.dao.mapper.ProjectMapper.getProjectId - <==      Total: 4
2019-09-28 16:51:08.571 [http-nio-9090-exec-6] DEBUG c.jhbim.bimvr.dao.mapper.ProjectMapper.getProject - ==>  Preparing: SELECT * FROM project WHERE project_id = ? 
2019-09-28 16:51:08.571 [http-nio-9090-exec-6] DEBUG c.jhbim.bimvr.dao.mapper.ProjectMapper.getProject - ==> Parameters: 2(Long)
2019-09-28 16:51:08.573 [http-nio-9090-exec-6] DEBUG c.jhbim.bimvr.dao.mapper.ProjectMapper.getProject - <==      Total: 1
2019-09-28 16:51:08.574 [http-nio-9090-exec-6] DEBUG c.jhbim.bimvr.dao.mapper.ProjectMapper.getProject - ==>  Preparing: SELECT * FROM project WHERE project_id = ? 
2019-09-28 16:51:08.574 [http-nio-9090-exec-6] DEBUG c.jhbim.bimvr.dao.mapper.ProjectMapper.getProject - ==> Parameters: 3(Long)
2019-09-28 16:51:08.576 [http-nio-9090-exec-6] DEBUG c.jhbim.bimvr.dao.mapper.ProjectMapper.getProject - <==      Total: 1
2019-09-28 16:51:08.576 [http-nio-9090-exec-6] DEBUG c.jhbim.bimvr.dao.mapper.ProjectMapper.getProject - ==>  Preparing: SELECT * FROM project WHERE project_id = ? 
2019-09-28 16:51:08.576 [http-nio-9090-exec-6] DEBUG c.jhbim.bimvr.dao.mapper.ProjectMapper.getProject - ==> Parameters: 4(Long)
2019-09-28 16:51:08.578 [http-nio-9090-exec-6] DEBUG c.jhbim.bimvr.dao.mapper.ProjectMapper.getProject - <==      Total: 1
2019-09-28 16:51:08.579 [http-nio-9090-exec-6] DEBUG c.jhbim.bimvr.dao.mapper.ProjectMapper.getProject - ==>  Preparing: SELECT * FROM project WHERE project_id = ? 
2019-09-28 16:51:08.579 [http-nio-9090-exec-6] DEBUG c.jhbim.bimvr.dao.mapper.ProjectMapper.getProject - ==> Parameters: 5(Long)
2019-09-28 16:51:08.581 [http-nio-9090-exec-6] DEBUG c.jhbim.bimvr.dao.mapper.ProjectMapper.getProject - <==      Total: 1
2019-09-28 16:51:14.624 [http-nio-9090-exec-7] DEBUG c.jhbim.bimvr.dao.mapper.ResModelMapper.getOneRes - ==>  Preparing: select res_model_id, model_id, project_id, company_id, url from res_model where model_id = ? and project_id = ? and company_id = ? 
2019-09-28 16:51:14.625 [http-nio-9090-exec-7] DEBUG c.jhbim.bimvr.dao.mapper.ResModelMapper.getOneRes - ==> Parameters: 1(String), 0(Long), 1(Long)
2019-09-28 16:51:14.627 [http-nio-9090-exec-7] DEBUG c.jhbim.bimvr.dao.mapper.ResModelMapper.getOneRes - <==      Total: 0
2019-09-28 16:51:28.953 [http-nio-9090-exec-8] DEBUG c.j.bimvr.dao.mapper.ProjectMapper.getProjectId - ==>  Preparing: SELECT project_id FROM company_project WHERE company_id = ? 
2019-09-28 16:51:28.953 [http-nio-9090-exec-8] DEBUG c.j.bimvr.dao.mapper.ProjectMapper.getProjectId - ==> Parameters: 1(Long)
2019-09-28 16:51:28.956 [http-nio-9090-exec-8] DEBUG c.j.bimvr.dao.mapper.ProjectMapper.getProjectId - <==      Total: 4
2019-09-28 16:51:28.956 [http-nio-9090-exec-8] DEBUG c.jhbim.bimvr.dao.mapper.ProjectMapper.getProject - ==>  Preparing: SELECT * FROM project WHERE project_id = ? 
2019-09-28 16:51:28.957 [http-nio-9090-exec-8] DEBUG c.jhbim.bimvr.dao.mapper.ProjectMapper.getProject - ==> Parameters: 2(Long)
2019-09-28 16:51:28.959 [http-nio-9090-exec-8] DEBUG c.jhbim.bimvr.dao.mapper.ProjectMapper.getProject - <==      Total: 1
2019-09-28 16:51:28.959 [http-nio-9090-exec-8] DEBUG c.jhbim.bimvr.dao.mapper.ProjectMapper.getProject - ==>  Preparing: SELECT * FROM project WHERE project_id = ? 
2019-09-28 16:51:28.959 [http-nio-9090-exec-8] DEBUG c.jhbim.bimvr.dao.mapper.ProjectMapper.getProject - ==> Parameters: 3(Long)
2019-09-28 16:51:28.961 [http-nio-9090-exec-8] DEBUG c.jhbim.bimvr.dao.mapper.ProjectMapper.getProject - <==      Total: 1
2019-09-28 16:51:28.961 [http-nio-9090-exec-8] DEBUG c.jhbim.bimvr.dao.mapper.ProjectMapper.getProject - ==>  Preparing: SELECT * FROM project WHERE project_id = ? 
2019-09-28 16:51:28.961 [http-nio-9090-exec-8] DEBUG c.jhbim.bimvr.dao.mapper.ProjectMapper.getProject - ==> Parameters: 4(Long)
2019-09-28 16:51:28.963 [http-nio-9090-exec-8] DEBUG c.jhbim.bimvr.dao.mapper.ProjectMapper.getProject - <==      Total: 1
2019-09-28 16:51:28.963 [http-nio-9090-exec-8] DEBUG c.jhbim.bimvr.dao.mapper.ProjectMapper.getProject - ==>  Preparing: SELECT * FROM project WHERE project_id = ? 
2019-09-28 16:51:28.963 [http-nio-9090-exec-8] DEBUG c.jhbim.bimvr.dao.mapper.ProjectMapper.getProject - ==> Parameters: 5(Long)
2019-09-28 16:51:28.965 [http-nio-9090-exec-8] DEBUG c.jhbim.bimvr.dao.mapper.ProjectMapper.getProject - <==      Total: 1
2019-09-28 16:51:31.228 [http-nio-9090-exec-9] DEBUG c.j.bimvr.dao.mapper.ProjectMapper.getProjectId - ==>  Preparing: SELECT project_id FROM company_project WHERE company_id = ? 
2019-09-28 16:51:31.229 [http-nio-9090-exec-9] DEBUG c.j.bimvr.dao.mapper.ProjectMapper.getProjectId - ==> Parameters: 1(Long)
2019-09-28 16:51:31.230 [http-nio-9090-exec-9] DEBUG c.j.bimvr.dao.mapper.ProjectMapper.getProjectId - <==      Total: 4
2019-09-28 16:51:31.231 [http-nio-9090-exec-9] DEBUG c.jhbim.bimvr.dao.mapper.ProjectMapper.getProject - ==>  Preparing: SELECT * FROM project WHERE project_id = ? 
2019-09-28 16:51:31.232 [http-nio-9090-exec-9] DEBUG c.jhbim.bimvr.dao.mapper.ProjectMapper.getProject - ==> Parameters: 2(Long)
2019-09-28 16:51:31.234 [http-nio-9090-exec-9] DEBUG c.jhbim.bimvr.dao.mapper.ProjectMapper.getProject - <==      Total: 1
2019-09-28 16:51:31.234 [http-nio-9090-exec-9] DEBUG c.jhbim.bimvr.dao.mapper.ProjectMapper.getProject - ==>  Preparing: SELECT * FROM project WHERE project_id = ? 
2019-09-28 16:51:31.234 [http-nio-9090-exec-9] DEBUG c.jhbim.bimvr.dao.mapper.ProjectMapper.getProject - ==> Parameters: 3(Long)
2019-09-28 16:51:31.236 [http-nio-9090-exec-9] DEBUG c.jhbim.bimvr.dao.mapper.ProjectMapper.getProject - <==      Total: 1
2019-09-28 16:51:31.237 [http-nio-9090-exec-9] DEBUG c.jhbim.bimvr.dao.mapper.ProjectMapper.getProject - ==>  Preparing: SELECT * FROM project WHERE project_id = ? 
2019-09-28 16:51:31.237 [http-nio-9090-exec-9] DEBUG c.jhbim.bimvr.dao.mapper.ProjectMapper.getProject - ==> Parameters: 4(Long)
2019-09-28 16:51:31.238 [http-nio-9090-exec-9] DEBUG c.jhbim.bimvr.dao.mapper.ProjectMapper.getProject - <==      Total: 1
2019-09-28 16:51:31.239 [http-nio-9090-exec-9] DEBUG c.jhbim.bimvr.dao.mapper.ProjectMapper.getProject - ==>  Preparing: SELECT * FROM project WHERE project_id = ? 
2019-09-28 16:51:31.239 [http-nio-9090-exec-9] DEBUG c.jhbim.bimvr.dao.mapper.ProjectMapper.getProject - ==> Parameters: 5(Long)
2019-09-28 16:51:31.241 [http-nio-9090-exec-9] DEBUG c.jhbim.bimvr.dao.mapper.ProjectMapper.getProject - <==      Total: 1
2019-09-28 16:51:32.497 [http-nio-9090-exec-10] DEBUG c.j.bimvr.dao.mapper.ProjectMapper.getProjectId - ==>  Preparing: SELECT project_id FROM company_project WHERE company_id = ? 
2019-09-28 16:51:32.497 [http-nio-9090-exec-10] DEBUG c.j.bimvr.dao.mapper.ProjectMapper.getProjectId - ==> Parameters: 1(Long)
2019-09-28 16:51:32.499 [http-nio-9090-exec-10] DEBUG c.j.bimvr.dao.mapper.ProjectMapper.getProjectId - <==      Total: 4
2019-09-28 16:51:32.500 [http-nio-9090-exec-10] DEBUG c.jhbim.bimvr.dao.mapper.ProjectMapper.getProject - ==>  Preparing: SELECT * FROM project WHERE project_id = ? 
2019-09-28 16:51:32.500 [http-nio-9090-exec-10] DEBUG c.jhbim.bimvr.dao.mapper.ProjectMapper.getProject - ==> Parameters: 2(Long)
2019-09-28 16:51:32.502 [http-nio-9090-exec-10] DEBUG c.jhbim.bimvr.dao.mapper.ProjectMapper.getProject - <==      Total: 1
2019-09-28 16:51:32.502 [http-nio-9090-exec-10] DEBUG c.jhbim.bimvr.dao.mapper.ProjectMapper.getProject - ==>  Preparing: SELECT * FROM project WHERE project_id = ? 
2019-09-28 16:51:32.503 [http-nio-9090-exec-10] DEBUG c.jhbim.bimvr.dao.mapper.ProjectMapper.getProject - ==> Parameters: 3(Long)
2019-09-28 16:51:32.504 [http-nio-9090-exec-10] DEBUG c.jhbim.bimvr.dao.mapper.ProjectMapper.getProject - <==      Total: 1
2019-09-28 16:51:32.505 [http-nio-9090-exec-10] DEBUG c.jhbim.bimvr.dao.mapper.ProjectMapper.getProject - ==>  Preparing: SELECT * FROM project WHERE project_id = ? 
2019-09-28 16:51:32.506 [http-nio-9090-exec-10] DEBUG c.jhbim.bimvr.dao.mapper.ProjectMapper.getProject - ==> Parameters: 4(Long)
2019-09-28 16:51:32.508 [http-nio-9090-exec-10] DEBUG c.jhbim.bimvr.dao.mapper.ProjectMapper.getProject - <==      Total: 1
2019-09-28 16:51:32.508 [http-nio-9090-exec-10] DEBUG c.jhbim.bimvr.dao.mapper.ProjectMapper.getProject - ==>  Preparing: SELECT * FROM project WHERE project_id = ? 
2019-09-28 16:51:32.508 [http-nio-9090-exec-10] DEBUG c.jhbim.bimvr.dao.mapper.ProjectMapper.getProject - ==> Parameters: 5(Long)
2019-09-28 16:51:32.510 [http-nio-9090-exec-10] DEBUG c.jhbim.bimvr.dao.mapper.ProjectMapper.getProject - <==      Total: 1
