2019-09-26 00:49:51.236 [SessionValidationThread-1] INFO  o.a.s.session.mgt.AbstractValidatingSessionManager - Validating all active sessions...
2019-09-26 00:49:51.250 [SessionValidationThread-1] INFO  o.a.s.session.mgt.AbstractValidatingSessionManager - Finished session validation.  No sessions were stopped.
2019-09-26 01:49:51.236 [SessionValidationThread-1] INFO  o.a.s.session.mgt.AbstractValidatingSessionManager - Validating all active sessions...
2019-09-26 01:49:51.238 [SessionValidationThread-1] INFO  o.a.s.session.mgt.AbstractValidatingSessionManager - Finished session validation.  No sessions were stopped.
2019-09-26 02:49:51.235 [SessionValidationThread-1] INFO  o.a.s.session.mgt.AbstractValidatingSessionManager - Validating all active sessions...
2019-09-26 02:49:51.238 [SessionValidationThread-1] INFO  o.a.s.session.mgt.AbstractValidatingSessionManager - Finished session validation.  No sessions were stopped.
2019-09-26 03:49:51.235 [SessionValidationThread-1] INFO  o.a.s.session.mgt.AbstractValidatingSessionManager - Validating all active sessions...
2019-09-26 03:49:51.238 [SessionValidationThread-1] INFO  o.a.s.session.mgt.AbstractValidatingSessionManager - Finished session validation.  No sessions were stopped.
2019-09-26 03:53:06.938 [http-nio-9090-exec-10] INFO  org.apache.coyote.http11.Http11Processor - Error parsing HTTP request header
 Note: further occurrences of HTTP request parsing errors will be logged at DEBUG level.
java.lang.IllegalArgumentException: Invalid character found in method name. HTTP method names must be tokens
	at org.apache.coyote.http11.Http11InputBuffer.parseRequestLine(Http11InputBuffer.java:415)
	at org.apache.coyote.http11.Http11Processor.service(Http11Processor.java:294)
	at org.apache.coyote.AbstractProcessorLight.process(AbstractProcessorLight.java:66)
	at org.apache.coyote.AbstractProtocol$ConnectionHandler.process(AbstractProtocol.java:853)
	at org.apache.tomcat.util.net.NioEndpoint$SocketProcessor.doRun(NioEndpoint.java:1587)
	at org.apache.tomcat.util.net.SocketProcessorBase.run(SocketProcessorBase.java:49)
	at java.util.concurrent.ThreadPoolExecutor.runWorker(ThreadPoolExecutor.java:1149)
	at java.util.concurrent.ThreadPoolExecutor$Worker.run(ThreadPoolExecutor.java:624)
	at org.apache.tomcat.util.threads.TaskThread$WrappingRunnable.run(TaskThread.java:61)
	at java.lang.Thread.run(Thread.java:748)
2019-09-26 04:49:51.235 [SessionValidationThread-1] INFO  o.a.s.session.mgt.AbstractValidatingSessionManager - Validating all active sessions...
2019-09-26 04:49:51.240 [SessionValidationThread-1] INFO  o.a.s.session.mgt.AbstractValidatingSessionManager - Finished session validation.  No sessions were stopped.
2019-09-26 05:49:51.235 [SessionValidationThread-1] INFO  o.a.s.session.mgt.AbstractValidatingSessionManager - Validating all active sessions...
2019-09-26 05:49:51.239 [SessionValidationThread-1] INFO  o.a.s.session.mgt.AbstractValidatingSessionManager - Finished session validation.  No sessions were stopped.
2019-09-26 06:49:51.236 [SessionValidationThread-1] INFO  o.a.s.session.mgt.AbstractValidatingSessionManager - Validating all active sessions...
2019-09-26 06:49:51.241 [SessionValidationThread-1] INFO  o.a.s.session.mgt.AbstractValidatingSessionManager - Finished session validation.  No sessions were stopped.
2019-09-26 07:49:51.235 [SessionValidationThread-1] INFO  o.a.s.session.mgt.AbstractValidatingSessionManager - Validating all active sessions...
2019-09-26 07:49:51.239 [SessionValidationThread-1] INFO  o.a.s.session.mgt.AbstractValidatingSessionManager - Finished session validation.  No sessions were stopped.
2019-09-26 08:49:51.236 [SessionValidationThread-1] INFO  o.a.s.session.mgt.AbstractValidatingSessionManager - Validating all active sessions...
2019-09-26 08:49:51.240 [SessionValidationThread-1] INFO  o.a.s.session.mgt.AbstractValidatingSessionManager - Finished session validation.  No sessions were stopped.
2019-09-26 09:49:51.237 [SessionValidationThread-1] INFO  o.a.s.session.mgt.AbstractValidatingSessionManager - Validating all active sessions...
2019-09-26 09:49:51.253 [SessionValidationThread-1] INFO  o.a.s.session.mgt.AbstractValidatingSessionManager - Finished session validation.  No sessions were stopped.
2019-09-26 10:26:11.395 [http-nio-9090-exec-6] INFO  com.jhbim.bimvr.system.shiro.UserPasswordRealm - ---------------- 用户密码登录 ----------------------
2019-09-26 10:26:11.462 [http-nio-9090-exec-6] INFO  com.jhbim.bimvr.system.shiro.UserPasswordRealm - User [Hash = 429535485, companyId=1, roleId=2, password=e10adc3949ba59abbe56e057f20f883e, salt=null, name=游客, phone=18338644205, createTime=Mon Jul 08 17:20:55 CST 2019, updateTime=Mon Jul 08 17:20:57 CST 2019, version=1, loginFlag=1, openId=null]
2019-09-26 10:49:51.235 [SessionValidationThread-1] INFO  o.a.s.session.mgt.AbstractValidatingSessionManager - Validating all active sessions...
2019-09-26 10:49:51.244 [SessionValidationThread-1] INFO  o.a.s.session.mgt.AbstractValidatingSessionManager - Finished session validation.  No sessions were stopped.
2019-09-26 11:49:51.236 [SessionValidationThread-1] INFO  o.a.s.session.mgt.AbstractValidatingSessionManager - Validating all active sessions...
2019-09-26 11:49:51.403 [SessionValidationThread-1] INFO  o.a.s.session.mgt.AbstractValidatingSessionManager - Finished session validation.  No sessions were stopped.
2019-09-26 11:58:25.804 [http-nio-9090-exec-2] INFO  com.jhbim.bimvr.system.shiro.UserPasswordRealm - ---------------- 用户密码登录 ----------------------
2019-09-26 11:58:25.813 [http-nio-9090-exec-2] INFO  com.jhbim.bimvr.system.shiro.UserPasswordRealm - User [Hash = 822168685, companyId=1, roleId=2, password=e10adc3949ba59abbe56e057f20f883e, salt=null, name=游客, phone=18338644205, createTime=Mon Jul 08 17:20:55 CST 2019, updateTime=Mon Jul 08 17:20:57 CST 2019, version=1, loginFlag=1, openId=null]
2019-09-26 11:59:20.725 [http-nio-9090-exec-9] INFO  com.jhbim.bimvr.system.shiro.UserPasswordRealm - ---------------- 用户密码登录 ----------------------
2019-09-26 11:59:20.742 [http-nio-9090-exec-9] INFO  com.jhbim.bimvr.system.shiro.UserPasswordRealm - User [Hash = 391766566, companyId=1, roleId=2, password=e10adc3949ba59abbe56e057f20f883e, salt=null, name=游客, phone=18338644205, createTime=Mon Jul 08 17:20:55 CST 2019, updateTime=Mon Jul 08 17:20:57 CST 2019, version=1, loginFlag=1, openId=null]
2019-09-26 12:49:51.235 [SessionValidationThread-1] INFO  o.a.s.session.mgt.AbstractValidatingSessionManager - Validating all active sessions...
2019-09-26 12:49:51.238 [SessionValidationThread-1] INFO  o.a.s.session.mgt.AbstractValidatingSessionManager - Finished session validation.  No sessions were stopped.
2019-09-26 13:49:51.236 [SessionValidationThread-1] INFO  o.a.s.session.mgt.AbstractValidatingSessionManager - Validating all active sessions...
2019-09-26 13:49:51.250 [SessionValidationThread-1] INFO  o.a.s.session.mgt.AbstractValidatingSessionManager - Finished session validation.  No sessions were stopped.
2019-09-26 14:49:51.236 [SessionValidationThread-1] INFO  o.a.s.session.mgt.AbstractValidatingSessionManager - Validating all active sessions...
2019-09-26 14:49:51.247 [SessionValidationThread-1] INFO  o.a.s.session.mgt.AbstractValidatingSessionManager - Finished session validation.  No sessions were stopped.
2019-09-26 15:13:08.035 [http-nio-9090-exec-1] INFO  com.jhbim.bimvr.system.shiro.UserPasswordRealm - ---------------- 用户密码登录 ----------------------
2019-09-26 15:13:08.140 [http-nio-9090-exec-1] INFO  com.jhbim.bimvr.system.shiro.UserPasswordRealm - User [Hash = 2135445238, companyId=1, roleId=2, password=e10adc3949ba59abbe56e057f20f883e, salt=null, name=游客, phone=18338644205, createTime=Mon Jul 08 17:20:55 CST 2019, updateTime=Mon Jul 08 17:20:57 CST 2019, version=1, loginFlag=1, openId=null]
2019-09-26 15:42:31.296 [http-nio-9090-exec-8] INFO  com.jhbim.bimvr.system.shiro.UserPasswordRealm - ---------------- 用户密码登录 ----------------------
2019-09-26 15:42:31.313 [http-nio-9090-exec-8] INFO  com.jhbim.bimvr.system.shiro.UserPasswordRealm - User [Hash = 480916192, companyId=1, roleId=2, password=e10adc3949ba59abbe56e057f20f883e, salt=null, name=游客, phone=18338644205, createTime=Mon Jul 08 17:20:55 CST 2019, updateTime=Mon Jul 08 17:20:57 CST 2019, version=1, loginFlag=1, openId=null]
2019-09-26 15:49:51.235 [SessionValidationThread-1] INFO  o.a.s.session.mgt.AbstractValidatingSessionManager - Validating all active sessions...
2019-09-26 15:49:51.258 [SessionValidationThread-1] INFO  o.a.s.session.mgt.AbstractValidatingSessionManager - Finished session validation.  No sessions were stopped.
2019-09-26 16:49:51.236 [SessionValidationThread-1] INFO  o.a.s.session.mgt.AbstractValidatingSessionManager - Validating all active sessions...
2019-09-26 16:49:51.245 [SessionValidationThread-1] INFO  o.a.s.session.mgt.AbstractValidatingSessionManager - Finished session validation.  No sessions were stopped.
2019-09-26 17:49:51.236 [SessionValidationThread-1] INFO  o.a.s.session.mgt.AbstractValidatingSessionManager - Validating all active sessions...
2019-09-26 17:49:51.244 [SessionValidationThread-1] INFO  o.a.s.session.mgt.AbstractValidatingSessionManager - Finished session validation.  No sessions were stopped.
2019-09-26 18:49:51.236 [SessionValidationThread-1] INFO  o.a.s.session.mgt.AbstractValidatingSessionManager - Validating all active sessions...
2019-09-26 18:49:51.250 [SessionValidationThread-1] INFO  o.a.s.session.mgt.AbstractValidatingSessionManager - Finished session validation.  No sessions were stopped.
2019-09-26 19:49:51.312 [SessionValidationThread-1] INFO  o.a.s.session.mgt.AbstractValidatingSessionManager - Validating all active sessions...
2019-09-26 19:49:51.317 [SessionValidationThread-1] INFO  o.a.s.session.mgt.AbstractValidatingSessionManager - Finished session validation.  No sessions were stopped.
2019-09-26 20:49:51.235 [SessionValidationThread-1] INFO  o.a.s.session.mgt.AbstractValidatingSessionManager - Validating all active sessions...
2019-09-26 20:49:51.241 [SessionValidationThread-1] INFO  o.a.s.session.mgt.AbstractValidatingSessionManager - Finished session validation.  No sessions were stopped.
2019-09-26 21:49:51.236 [SessionValidationThread-1] INFO  o.a.s.session.mgt.AbstractValidatingSessionManager - Validating all active sessions...
2019-09-26 21:49:51.241 [SessionValidationThread-1] INFO  o.a.s.session.mgt.AbstractValidatingSessionManager - Finished session validation.  No sessions were stopped.
2019-09-26 22:49:51.236 [SessionValidationThread-1] INFO  o.a.s.session.mgt.AbstractValidatingSessionManager - Validating all active sessions...
2019-09-26 22:49:51.241 [SessionValidationThread-1] INFO  o.a.s.session.mgt.AbstractValidatingSessionManager - Finished session validation.  No sessions were stopped.
2019-09-26 23:49:51.235 [SessionValidationThread-1] INFO  o.a.s.session.mgt.AbstractValidatingSessionManager - Validating all active sessions...
2019-09-26 23:49:51.238 [SessionValidationThread-1] INFO  o.a.s.session.mgt.AbstractValidatingSessionManager - Finished session validation.  No sessions were stopped.
2019-09-26 23:50:30.663 [http-nio-9090-exec-3] INFO  org.apache.coyote.http11.Http11Processor - Error parsing HTTP request header
 Note: further occurrences of HTTP request parsing errors will be logged at DEBUG level.
java.lang.IllegalArgumentException: Invalid character found in method name. HTTP method names must be tokens
	at org.apache.coyote.http11.Http11InputBuffer.parseRequestLine(Http11InputBuffer.java:415)
	at org.apache.coyote.http11.Http11Processor.service(Http11Processor.java:294)
	at org.apache.coyote.AbstractProcessorLight.process(AbstractProcessorLight.java:66)
	at org.apache.coyote.AbstractProtocol$ConnectionHandler.process(AbstractProtocol.java:853)
	at org.apache.tomcat.util.net.NioEndpoint$SocketProcessor.doRun(NioEndpoint.java:1587)
	at org.apache.tomcat.util.net.SocketProcessorBase.run(SocketProcessorBase.java:49)
	at java.util.concurrent.ThreadPoolExecutor.runWorker(ThreadPoolExecutor.java:1149)
	at java.util.concurrent.ThreadPoolExecutor$Worker.run(ThreadPoolExecutor.java:624)
	at org.apache.tomcat.util.threads.TaskThread$WrappingRunnable.run(TaskThread.java:61)
	at java.lang.Thread.run(Thread.java:748)
