2019-09-27 00:49:51.235 [SessionValidationThread-1] INFO  o.a.s.session.mgt.AbstractValidatingSessionManager - Validating all active sessions...
2019-09-27 00:49:51.249 [SessionValidationThread-1] INFO  o.a.s.session.mgt.AbstractValidatingSessionManager - Finished session validation.  No sessions were stopped.
2019-09-27 01:49:51.235 [SessionValidationThread-1] INFO  o.a.s.session.mgt.AbstractValidatingSessionManager - Validating all active sessions...
2019-09-27 01:49:51.237 [SessionValidationThread-1] INFO  o.a.s.session.mgt.AbstractValidatingSessionManager - Finished session validation.  No sessions were stopped.
2019-09-27 02:49:51.235 [SessionValidationThread-1] INFO  o.a.s.session.mgt.AbstractValidatingSessionManager - Validating all active sessions...
2019-09-27 02:49:51.239 [SessionValidationThread-1] INFO  o.a.s.session.mgt.AbstractValidatingSessionManager - Finished session validation.  No sessions were stopped.
2019-09-27 03:49:51.235 [SessionValidationThread-1] INFO  o.a.s.session.mgt.AbstractValidatingSessionManager - Validating all active sessions...
2019-09-27 03:49:51.241 [SessionValidationThread-1] INFO  o.a.s.session.mgt.AbstractValidatingSessionManager - Finished session validation.  No sessions were stopped.
2019-09-27 04:49:51.236 [SessionValidationThread-1] INFO  o.a.s.session.mgt.AbstractValidatingSessionManager - Validating all active sessions...
2019-09-27 04:49:51.239 [SessionValidationThread-1] INFO  o.a.s.session.mgt.AbstractValidatingSessionManager - Finished session validation.  No sessions were stopped.
2019-09-27 05:49:51.235 [SessionValidationThread-1] INFO  o.a.s.session.mgt.AbstractValidatingSessionManager - Validating all active sessions...
2019-09-27 05:49:51.237 [SessionValidationThread-1] INFO  o.a.s.session.mgt.AbstractValidatingSessionManager - Finished session validation.  No sessions were stopped.
2019-09-27 06:49:51.236 [SessionValidationThread-1] INFO  o.a.s.session.mgt.AbstractValidatingSessionManager - Validating all active sessions...
2019-09-27 06:49:51.239 [SessionValidationThread-1] INFO  o.a.s.session.mgt.AbstractValidatingSessionManager - Finished session validation.  No sessions were stopped.
2019-09-27 07:49:51.236 [SessionValidationThread-1] INFO  o.a.s.session.mgt.AbstractValidatingSessionManager - Validating all active sessions...
2019-09-27 07:49:51.238 [SessionValidationThread-1] INFO  o.a.s.session.mgt.AbstractValidatingSessionManager - Finished session validation.  No sessions were stopped.
2019-09-27 08:49:51.236 [SessionValidationThread-1] INFO  o.a.s.session.mgt.AbstractValidatingSessionManager - Validating all active sessions...
2019-09-27 08:49:51.239 [SessionValidationThread-1] INFO  o.a.s.session.mgt.AbstractValidatingSessionManager - Finished session validation.  No sessions were stopped.
2019-09-27 09:49:51.237 [SessionValidationThread-1] INFO  o.a.s.session.mgt.AbstractValidatingSessionManager - Validating all active sessions...
2019-09-27 09:49:51.260 [SessionValidationThread-1] INFO  o.a.s.session.mgt.AbstractValidatingSessionManager - Finished session validation.  No sessions were stopped.
2019-09-27 10:46:54.812 [http-nio-9090-exec-10] INFO  com.jhbim.bimvr.system.shiro.UserPasswordRealm - ---------------- 用户密码登录 ----------------------
2019-09-27 10:46:54.828 [http-nio-9090-exec-10] INFO  com.jhbim.bimvr.system.shiro.UserPasswordRealm - User [Hash = 2109445443, companyId=1, roleId=2, password=e10adc3949ba59abbe56e057f20f883e, salt=null, name=游客, phone=18338644205, createTime=Mon Jul 08 17:20:55 CST 2019, updateTime=Mon Jul 08 17:20:57 CST 2019, version=1, loginFlag=1, openId=null]
2019-09-27 10:49:51.236 [SessionValidationThread-1] INFO  o.a.s.session.mgt.AbstractValidatingSessionManager - Validating all active sessions...
2019-09-27 10:49:51.239 [SessionValidationThread-1] INFO  o.a.s.session.mgt.AbstractValidatingSessionManager - Finished session validation.  No sessions were stopped.
2019-09-27 10:50:24.453 [http-nio-9090-exec-7] INFO  com.jhbim.bimvr.system.shiro.UserPasswordRealm - ---------------- 用户密码登录 ----------------------
2019-09-27 10:50:24.462 [http-nio-9090-exec-7] INFO  com.jhbim.bimvr.system.shiro.UserPasswordRealm - User [Hash = 1780139638, companyId=1, roleId=2, password=e10adc3949ba59abbe56e057f20f883e, salt=null, name=游客, phone=18338644205, createTime=Mon Jul 08 17:20:55 CST 2019, updateTime=Mon Jul 08 17:20:57 CST 2019, version=1, loginFlag=1, openId=null]
2019-09-27 11:49:51.237 [SessionValidationThread-1] INFO  o.a.s.session.mgt.AbstractValidatingSessionManager - Validating all active sessions...
2019-09-27 11:49:51.258 [SessionValidationThread-1] INFO  o.a.s.session.mgt.AbstractValidatingSessionManager - Finished session validation.  No sessions were stopped.
2019-09-27 11:51:55.459 [http-nio-9090-exec-6] INFO  com.jhbim.bimvr.system.shiro.UserPasswordRealm - ---------------- 用户密码登录 ----------------------
2019-09-27 11:51:55.466 [http-nio-9090-exec-6] INFO  com.jhbim.bimvr.system.shiro.UserPasswordRealm - User [Hash = 257874040, companyId=1, roleId=2, password=e10adc3949ba59abbe56e057f20f883e, salt=null, name=游客, phone=18338644205, createTime=Mon Jul 08 17:20:55 CST 2019, updateTime=Mon Jul 08 17:20:57 CST 2019, version=1, loginFlag=1, openId=null]
2019-09-27 12:49:51.236 [SessionValidationThread-1] INFO  o.a.s.session.mgt.AbstractValidatingSessionManager - Validating all active sessions...
2019-09-27 12:49:51.250 [SessionValidationThread-1] INFO  o.a.s.session.mgt.AbstractValidatingSessionManager - Finished session validation.  No sessions were stopped.
2019-09-27 13:49:51.235 [SessionValidationThread-1] INFO  o.a.s.session.mgt.AbstractValidatingSessionManager - Validating all active sessions...
2019-09-27 13:49:51.241 [SessionValidationThread-1] INFO  o.a.s.session.mgt.AbstractValidatingSessionManager - Finished session validation.  No sessions were stopped.
2019-09-27 15:14:20.928 [main] INFO  com.jhbim.bimvr.BimvrApplication - Starting BimvrApplication on DESKTOP-36VS00S with PID 13316 (G:\myproject\bimvr-app\target\classes started by JingHeKeJi in G:\myproject\bimvr-app)
2019-09-27 15:14:20.936 [main] INFO  com.jhbim.bimvr.BimvrApplication - The following profiles are active: dev
2019-09-27 15:14:24.026 [main] INFO  o.s.c.s.PostProcessorRegistrationDelegate$BeanPostProcessorChecker - Bean 'shiroConfig' of type [com.jhbim.bimvr.system.config.ShiroConfig$$EnhancerBySpringCGLIB$$1c99e556] is not eligible for getting processed by all BeanPostProcessors (for example: not eligible for auto-proxying)
2019-09-27 15:14:24.202 [main] INFO  o.s.c.s.PostProcessorRegistrationDelegate$BeanPostProcessorChecker - Bean 'authModularRealmAuthenticator' of type [com.jhbim.bimvr.system.shiro.AuthModularRealmAuthenticator] is not eligible for getting processed by all BeanPostProcessors (for example: not eligible for auto-proxying)
2019-09-27 15:14:24.299 [main] INFO  o.s.c.s.PostProcessorRegistrationDelegate$BeanPostProcessorChecker - Bean 'mybatis-org.mybatis.spring.boot.autoconfigure.MybatisProperties' of type [org.mybatis.spring.boot.autoconfigure.MybatisProperties] is not eligible for getting processed by all BeanPostProcessors (for example: not eligible for auto-proxying)
2019-09-27 15:14:24.316 [main] INFO  o.s.c.s.PostProcessorRegistrationDelegate$BeanPostProcessorChecker - Bean 'org.mybatis.spring.boot.autoconfigure.MybatisAutoConfiguration' of type [org.mybatis.spring.boot.autoconfigure.MybatisAutoConfiguration$$EnhancerBySpringCGLIB$$2791359a] is not eligible for getting processed by all BeanPostProcessors (for example: not eligible for auto-proxying)
2019-09-27 15:14:24.323 [main] INFO  o.s.c.s.PostProcessorRegistrationDelegate$BeanPostProcessorChecker - Bean 'com.alibaba.druid.spring.boot.autoconfigure.DruidDataSourceAutoConfigure' of type [com.alibaba.druid.spring.boot.autoconfigure.DruidDataSourceAutoConfigure$$EnhancerBySpringCGLIB$$e68d9dc] is not eligible for getting processed by all BeanPostProcessors (for example: not eligible for auto-proxying)
2019-09-27 15:14:24.330 [main] INFO  c.a.d.s.b.a.DruidDataSourceAutoConfigure - Init DruidDataSource
2019-09-27 15:14:24.499 [main] INFO  o.s.c.s.PostProcessorRegistrationDelegate$BeanPostProcessorChecker - Bean 'spring.datasource-org.springframework.boot.autoconfigure.jdbc.DataSourceProperties' of type [org.springframework.boot.autoconfigure.jdbc.DataSourceProperties] is not eligible for getting processed by all BeanPostProcessors (for example: not eligible for auto-proxying)
2019-09-27 15:14:24.506 [main] INFO  o.s.c.s.PostProcessorRegistrationDelegate$BeanPostProcessorChecker - Bean 'com.alibaba.druid.spring.boot.autoconfigure.stat.DruidFilterConfiguration' of type [com.alibaba.druid.spring.boot.autoconfigure.stat.DruidFilterConfiguration] is not eligible for getting processed by all BeanPostProcessors (for example: not eligible for auto-proxying)
2019-09-27 15:14:24.831 [main] INFO  o.s.c.s.PostProcessorRegistrationDelegate$BeanPostProcessorChecker - Bean 'statFilter' of type [com.alibaba.druid.filter.stat.StatFilter] is not eligible for getting processed by all BeanPostProcessors (for example: not eligible for auto-proxying)
2019-09-27 15:14:25.993 [main] INFO  com.alibaba.druid.pool.DruidDataSource - {dataSource-1} inited
2019-09-27 15:14:25.994 [main] INFO  o.s.c.s.PostProcessorRegistrationDelegate$BeanPostProcessorChecker - Bean 'dataSource' of type [com.alibaba.druid.spring.boot.autoconfigure.DruidDataSourceWrapper] is not eligible for getting processed by all BeanPostProcessors (for example: not eligible for auto-proxying)
2019-09-27 15:14:27.284 [main] INFO  o.s.c.s.PostProcessorRegistrationDelegate$BeanPostProcessorChecker - Bean 'sqlSessionFactory' of type [org.apache.ibatis.session.defaults.DefaultSqlSessionFactory] is not eligible for getting processed by all BeanPostProcessors (for example: not eligible for auto-proxying)
2019-09-27 15:14:27.299 [main] INFO  o.s.c.s.PostProcessorRegistrationDelegate$BeanPostProcessorChecker - Bean 'sqlSessionTemplate' of type [org.mybatis.spring.SqlSessionTemplate] is not eligible for getting processed by all BeanPostProcessors (for example: not eligible for auto-proxying)
2019-09-27 15:14:27.302 [main] INFO  o.s.c.s.PostProcessorRegistrationDelegate$BeanPostProcessorChecker - Bean 'userMapper' of type [org.mybatis.spring.mapper.MapperFactoryBean] is not eligible for getting processed by all BeanPostProcessors (for example: not eligible for auto-proxying)
2019-09-27 15:14:27.313 [main] INFO  o.s.c.s.PostProcessorRegistrationDelegate$BeanPostProcessorChecker - Bean 'userMapper' of type [com.sun.proxy.$Proxy62] is not eligible for getting processed by all BeanPostProcessors (for example: not eligible for auto-proxying)
2019-09-27 15:14:27.316 [main] INFO  o.s.c.s.PostProcessorRegistrationDelegate$BeanPostProcessorChecker - Bean 'userServiceImpl' of type [com.jhbim.bimvr.service.impl.UserServiceImpl] is not eligible for getting processed by all BeanPostProcessors (for example: not eligible for auto-proxying)
2019-09-27 15:14:27.321 [main] INFO  o.s.c.s.PostProcessorRegistrationDelegate$BeanPostProcessorChecker - Bean 'roleMapper' of type [org.mybatis.spring.mapper.MapperFactoryBean] is not eligible for getting processed by all BeanPostProcessors (for example: not eligible for auto-proxying)
2019-09-27 15:14:27.325 [main] INFO  o.s.c.s.PostProcessorRegistrationDelegate$BeanPostProcessorChecker - Bean 'roleMapper' of type [com.sun.proxy.$Proxy64] is not eligible for getting processed by all BeanPostProcessors (for example: not eligible for auto-proxying)
2019-09-27 15:14:27.326 [main] INFO  o.s.c.s.PostProcessorRegistrationDelegate$BeanPostProcessorChecker - Bean 'roleServieImpl' of type [com.jhbim.bimvr.service.impl.RoleServieImpl] is not eligible for getting processed by all BeanPostProcessors (for example: not eligible for auto-proxying)
2019-09-27 15:14:27.332 [main] INFO  o.s.c.s.PostProcessorRegistrationDelegate$BeanPostProcessorChecker - Bean 'permissionMapper' of type [org.mybatis.spring.mapper.MapperFactoryBean] is not eligible for getting processed by all BeanPostProcessors (for example: not eligible for auto-proxying)
2019-09-27 15:14:27.336 [main] INFO  o.s.c.s.PostProcessorRegistrationDelegate$BeanPostProcessorChecker - Bean 'permissionMapper' of type [com.sun.proxy.$Proxy65] is not eligible for getting processed by all BeanPostProcessors (for example: not eligible for auto-proxying)
2019-09-27 15:14:27.338 [main] INFO  o.s.c.s.PostProcessorRegistrationDelegate$BeanPostProcessorChecker - Bean 'permissionServiceImpl' of type [com.jhbim.bimvr.service.impl.PermissionServiceImpl] is not eligible for getting processed by all BeanPostProcessors (for example: not eligible for auto-proxying)
2019-09-27 15:14:27.340 [main] INFO  o.s.c.s.PostProcessorRegistrationDelegate$BeanPostProcessorChecker - Bean 'authorizingRealm' of type [com.jhbim.bimvr.system.shiro.AuthorizationRealm] is not eligible for getting processed by all BeanPostProcessors (for example: not eligible for auto-proxying)
2019-09-27 15:14:27.347 [main] INFO  o.s.c.s.PostProcessorRegistrationDelegate$BeanPostProcessorChecker - Bean 'credentialsMatcher' of type [com.jhbim.bimvr.system.shiro.CredentialsMatcher] is not eligible for getting processed by all BeanPostProcessors (for example: not eligible for auto-proxying)
2019-09-27 15:14:27.351 [main] INFO  o.s.c.s.PostProcessorRegistrationDelegate$BeanPostProcessorChecker - Bean 'userPasswordRealm' of type [com.jhbim.bimvr.system.shiro.UserPasswordRealm] is not eligible for getting processed by all BeanPostProcessors (for example: not eligible for auto-proxying)
2019-09-27 15:14:27.355 [main] INFO  o.s.c.s.PostProcessorRegistrationDelegate$BeanPostProcessorChecker - Bean 'userPhoneRealm' of type [com.jhbim.bimvr.system.shiro.UserPhoneRealm] is not eligible for getting processed by all BeanPostProcessors (for example: not eligible for auto-proxying)
2019-09-27 15:14:27.359 [main] INFO  o.s.c.s.PostProcessorRegistrationDelegate$BeanPostProcessorChecker - Bean 'wechatLoginRealm' of type [com.jhbim.bimvr.system.shiro.WechatLoginRealm] is not eligible for getting processed by all BeanPostProcessors (for example: not eligible for auto-proxying)
2019-09-27 15:14:27.378 [main] INFO  o.s.c.s.PostProcessorRegistrationDelegate$BeanPostProcessorChecker - Bean 'redisSessionDAO' of type [org.crazycake.shiro.RedisSessionDAO] is not eligible for getting processed by all BeanPostProcessors (for example: not eligible for auto-proxying)
2019-09-27 15:14:27.388 [main] INFO  o.s.c.s.PostProcessorRegistrationDelegate$BeanPostProcessorChecker - Bean 'sessionManager' of type [com.jhbim.bimvr.system.shiro.SessionManager] is not eligible for getting processed by all BeanPostProcessors (for example: not eligible for auto-proxying)
2019-09-27 15:14:27.392 [main] INFO  o.s.c.s.PostProcessorRegistrationDelegate$BeanPostProcessorChecker - Bean 'securityManager' of type [org.apache.shiro.web.mgt.DefaultWebSecurityManager] is not eligible for getting processed by all BeanPostProcessors (for example: not eligible for auto-proxying)
2019-09-27 15:14:27.400 [main] INFO  o.s.c.s.PostProcessorRegistrationDelegate$BeanPostProcessorChecker - Bean 'kickoutSessionControlFilter' of type [com.jhbim.bimvr.system.shiro.SessionControlFilter] is not eligible for getting processed by all BeanPostProcessors (for example: not eligible for auto-proxying)
2019-09-27 15:14:27.511 [main] INFO  o.s.c.s.PostProcessorRegistrationDelegate$BeanPostProcessorChecker - Bean 'authorizationAttributeSourceAdvisor' of type [org.apache.shiro.spring.security.interceptor.AuthorizationAttributeSourceAdvisor] is not eligible for getting processed by all BeanPostProcessors (for example: not eligible for auto-proxying)
2019-09-27 15:14:27.675 [main] INFO  o.s.c.s.PostProcessorRegistrationDelegate$BeanPostProcessorChecker - Bean 'org.springframework.transaction.annotation.ProxyTransactionManagementConfiguration' of type [org.springframework.transaction.annotation.ProxyTransactionManagementConfiguration$$EnhancerBySpringCGLIB$$f4bce46a] is not eligible for getting processed by all BeanPostProcessors (for example: not eligible for auto-proxying)
2019-09-27 15:14:28.176 [main] INFO  o.s.c.s.PostProcessorRegistrationDelegate$BeanPostProcessorChecker - Bean 'org.springframework.boot.autoconfigure.transaction.TransactionAutoConfiguration' of type [org.springframework.boot.autoconfigure.transaction.TransactionAutoConfiguration$$EnhancerBySpringCGLIB$$8930df74] is not eligible for getting processed by all BeanPostProcessors (for example: not eligible for auto-proxying)
2019-09-27 15:14:28.206 [main] INFO  o.s.c.s.PostProcessorRegistrationDelegate$BeanPostProcessorChecker - Bean 'spring.transaction-org.springframework.boot.autoconfigure.transaction.TransactionProperties' of type [org.springframework.boot.autoconfigure.transaction.TransactionProperties] is not eligible for getting processed by all BeanPostProcessors (for example: not eligible for auto-proxying)
2019-09-27 15:14:28.224 [main] INFO  o.s.c.s.PostProcessorRegistrationDelegate$BeanPostProcessorChecker - Bean 'platformTransactionManagerCustomizers' of type [org.springframework.boot.autoconfigure.transaction.TransactionManagerCustomizers] is not eligible for getting processed by all BeanPostProcessors (for example: not eligible for auto-proxying)
2019-09-27 15:14:28.228 [main] INFO  o.s.c.s.PostProcessorRegistrationDelegate$BeanPostProcessorChecker - Bean 'org.springframework.boot.autoconfigure.jdbc.DataSourceTransactionManagerAutoConfiguration$DataSourceTransactionManagerConfiguration' of type [org.springframework.boot.autoconfigure.jdbc.DataSourceTransactionManagerAutoConfiguration$DataSourceTransactionManagerConfiguration$$EnhancerBySpringCGLIB$$a1bd7cd9] is not eligible for getting processed by all BeanPostProcessors (for example: not eligible for auto-proxying)
2019-09-27 15:14:28.256 [main] INFO  o.s.c.s.PostProcessorRegistrationDelegate$BeanPostProcessorChecker - Bean 'transactionManager' of type [org.springframework.jdbc.datasource.DataSourceTransactionManager] is not eligible for getting processed by all BeanPostProcessors (for example: not eligible for auto-proxying)
2019-09-27 15:14:28.309 [main] INFO  o.s.c.s.PostProcessorRegistrationDelegate$BeanPostProcessorChecker - Bean 'transactionAdviceConfig' of type [com.jhbim.bimvr.system.config.TransactionAdviceConfig$$EnhancerBySpringCGLIB$$8fe1c6bb] is not eligible for getting processed by all BeanPostProcessors (for example: not eligible for auto-proxying)
2019-09-27 15:14:28.341 [main] INFO  o.s.c.s.PostProcessorRegistrationDelegate$BeanPostProcessorChecker - Bean 'txAdvice' of type [org.springframework.transaction.interceptor.TransactionInterceptor] is not eligible for getting processed by all BeanPostProcessors (for example: not eligible for auto-proxying)
2019-09-27 15:14:28.342 [main] INFO  o.s.c.s.PostProcessorRegistrationDelegate$BeanPostProcessorChecker - Bean 'txAdviceAdvisor' of type [org.springframework.aop.support.DefaultPointcutAdvisor] is not eligible for getting processed by all BeanPostProcessors (for example: not eligible for auto-proxying)
2019-09-27 15:14:29.963 [main] INFO  o.s.boot.web.embedded.tomcat.TomcatWebServer - Tomcat initialized with port(s): 9090 (http)
2019-09-27 15:14:30.048 [main] INFO  org.apache.coyote.http11.Http11NioProtocol - Initializing ProtocolHandler ["http-nio-9090"]
2019-09-27 15:14:30.065 [main] INFO  org.apache.catalina.core.StandardService - Starting service [Tomcat]
2019-09-27 15:14:30.065 [main] INFO  org.apache.catalina.core.StandardEngine - Starting Servlet engine: [Apache Tomcat/9.0.21]
2019-09-27 15:14:30.545 [main] INFO  o.a.c.core.ContainerBase.[Tomcat].[localhost].[/] - Initializing Spring embedded WebApplicationContext
2019-09-27 15:14:30.546 [main] INFO  org.springframework.web.context.ContextLoader - Root WebApplicationContext: initialization completed in 9454 ms
2019-09-27 15:14:30.572 [main] INFO  com.jhbim.bimvr.system.config.DruidConfig - =================init Druid Servlet Configuration=================
2019-09-27 15:14:30.885 [main] INFO  o.s.boot.web.servlet.RegistrationBean - Servlet statViewServlet was not registered (possibly already registered?)
2019-09-27 15:14:30.892 [main] INFO  o.s.boot.web.servlet.RegistrationBean - Filter webStatFilter was not registered (possibly already registered?)
2019-09-27 15:14:31.111 [main] INFO  com.jhbim.bimvr.config.AlipayProperties - 
Configs{支付宝网关: https://openapi.alipaydev.com/gateway.do
, appid: 2016101000653972
, 商户RSA私钥: MIIEvQ******e9hmw=
, 支付宝RSA公钥: MIIBIj******IDAQAB
, 签名类型: RSA2
, 查询重试次数: 5
, 查询间隔(毫秒): 5000
, 撤销尝试次数: 3
, 撤销重试间隔(毫秒): 3000
}
2019-09-27 15:14:32.038 [main] INFO  com.jhbim.bimvr.system.config.LogConfig - ==========print log==========
2019-09-27 15:14:33.038 [main] INFO  o.s.scheduling.concurrent.ThreadPoolTaskExecutor - Initializing ExecutorService 'applicationTaskExecutor'
2019-09-27 15:14:34.781 [main] INFO  org.apache.coyote.http11.Http11NioProtocol - Starting ProtocolHandler ["http-nio-9090"]
2019-09-27 15:14:34.991 [main] INFO  o.s.boot.web.embedded.tomcat.TomcatWebServer - Tomcat started on port(s): 9090 (http) with context path ''
2019-09-27 15:14:35.001 [main] INFO  com.jhbim.bimvr.BimvrApplication - Started BimvrApplication in 16.792 seconds (JVM running for 28.563)
2019-09-27 15:16:03.334 [http-nio-9090-exec-1] INFO  o.a.c.core.ContainerBase.[Tomcat].[localhost].[/] - Initializing Spring DispatcherServlet 'dispatcherServlet'
2019-09-27 15:16:03.335 [http-nio-9090-exec-1] INFO  org.springframework.web.servlet.DispatcherServlet - Initializing Servlet 'dispatcherServlet'
2019-09-27 15:16:03.371 [http-nio-9090-exec-1] INFO  org.springframework.web.servlet.DispatcherServlet - Completed initialization in 36 ms
2019-09-27 15:16:03.444 [http-nio-9090-exec-1] INFO  o.a.s.session.mgt.AbstractValidatingSessionManager - Enabling session validation scheduler...
2019-09-27 15:16:04.693 [http-nio-9090-exec-2] INFO  com.jhbim.bimvr.system.shiro.UserPasswordRealm - ---------------- 用户密码登录 ----------------------
2019-09-27 15:16:04.776 [http-nio-9090-exec-2] INFO  com.jhbim.bimvr.system.shiro.UserPasswordRealm - User [Hash = 405709793, companyId=1, roleId=2, password=e10adc3949ba59abbe56e057f20f883e, salt=null, name=游客, phone=18338644205, createTime=Mon Jul 08 17:20:55 CST 2019, updateTime=Mon Jul 08 17:20:57 CST 2019, version=1, loginFlag=1, openId=null]
2019-09-27 15:16:07.796 [http-nio-9090-exec-3] INFO  com.jhbim.bimvr.system.shiro.UserPasswordRealm - ---------------- 用户密码登录 ----------------------
2019-09-27 15:16:07.800 [http-nio-9090-exec-3] INFO  com.jhbim.bimvr.system.shiro.UserPasswordRealm - User [Hash = 2134471042, companyId=1, roleId=2, password=e10adc3949ba59abbe56e057f20f883e, salt=null, name=游客, phone=18338644205, createTime=Mon Jul 08 17:20:55 CST 2019, updateTime=Mon Jul 08 17:20:57 CST 2019, version=1, loginFlag=1, openId=null]
2019-09-27 15:17:00.745 [http-nio-9090-exec-5] INFO  com.jhbim.bimvr.system.shiro.UserPasswordRealm - ---------------- 用户密码登录 ----------------------
2019-09-27 15:17:00.749 [http-nio-9090-exec-5] INFO  com.jhbim.bimvr.system.shiro.UserPasswordRealm - User [Hash = 218159872, companyId=1, roleId=2, password=e10adc3949ba59abbe56e057f20f883e, salt=null, name=游客, phone=18338644205, createTime=Mon Jul 08 17:20:55 CST 2019, updateTime=Mon Jul 08 17:20:57 CST 2019, version=1, loginFlag=1, openId=null]
2019-09-27 15:43:54.208 [http-nio-9090-exec-10] INFO  com.jhbim.bimvr.system.shiro.UserPasswordRealm - ---------------- 用户密码登录 ----------------------
2019-09-27 15:43:54.213 [http-nio-9090-exec-10] INFO  com.jhbim.bimvr.system.shiro.UserPasswordRealm - User [Hash = 1543264800, companyId=1, roleId=2, password=e10adc3949ba59abbe56e057f20f883e, salt=null, name=游客, phone=18338644205, createTime=Mon Jul 08 17:20:55 CST 2019, updateTime=Mon Jul 08 17:20:57 CST 2019, version=1, loginFlag=1, openId=null]
2019-09-27 16:16:03.446 [SessionValidationThread-1] INFO  o.a.s.session.mgt.AbstractValidatingSessionManager - Validating all active sessions...
2019-09-27 16:16:03.484 [SessionValidationThread-1] INFO  o.a.s.session.mgt.AbstractValidatingSessionManager - Finished session validation.  No sessions were stopped.
2019-09-27 17:06:03.627 [http-nio-9090-exec-3] INFO  com.jhbim.bimvr.system.shiro.UserPasswordRealm - ---------------- 用户密码登录 ----------------------
2019-09-27 17:06:03.676 [http-nio-9090-exec-3] INFO  com.jhbim.bimvr.system.shiro.UserPasswordRealm - User [Hash = 643952324, companyId=1, roleId=2, password=e10adc3949ba59abbe56e057f20f883e, salt=null, name=游客, phone=18338644205, createTime=Mon Jul 08 17:20:55 CST 2019, updateTime=Mon Jul 08 17:20:57 CST 2019, version=1, loginFlag=1, openId=null]
2019-09-27 17:06:08.006 [http-nio-9090-exec-5] INFO  com.jhbim.bimvr.system.shiro.UserPasswordRealm - ---------------- 用户密码登录 ----------------------
2019-09-27 17:06:08.010 [http-nio-9090-exec-5] INFO  com.jhbim.bimvr.system.shiro.UserPasswordRealm - User [Hash = 310225074, companyId=1, roleId=2, password=e10adc3949ba59abbe56e057f20f883e, salt=null, name=游客, phone=18338644205, createTime=Mon Jul 08 17:20:55 CST 2019, updateTime=Mon Jul 08 17:20:57 CST 2019, version=1, loginFlag=1, openId=null]
2019-09-27 17:07:18.054 [http-nio-9090-exec-6] INFO  com.jhbim.bimvr.system.shiro.UserPasswordRealm - ---------------- 用户密码登录 ----------------------
2019-09-27 17:07:18.059 [http-nio-9090-exec-6] INFO  com.jhbim.bimvr.system.shiro.UserPasswordRealm - User [Hash = 260440213, companyId=1, roleId=2, password=e10adc3949ba59abbe56e057f20f883e, salt=null, name=游客, phone=18338644205, createTime=Mon Jul 08 17:20:55 CST 2019, updateTime=Mon Jul 08 17:20:57 CST 2019, version=1, loginFlag=1, openId=null]
2019-09-27 17:10:11.565 [http-nio-9090-exec-2] INFO  com.jhbim.bimvr.system.shiro.UserPasswordRealm - ---------------- 用户密码登录 ----------------------
2019-09-27 17:10:11.580 [http-nio-9090-exec-2] INFO  com.jhbim.bimvr.system.shiro.UserPasswordRealm - User [Hash = 1559822353, companyId=1, roleId=2, password=e10adc3949ba59abbe56e057f20f883e, salt=null, name=游客, phone=18338644205, createTime=Mon Jul 08 17:20:55 CST 2019, updateTime=Mon Jul 08 17:20:57 CST 2019, version=1, loginFlag=1, openId=null]
2019-09-27 17:10:13.032 [http-nio-9090-exec-3] INFO  com.jhbim.bimvr.system.shiro.UserPasswordRealm - ---------------- 用户密码登录 ----------------------
2019-09-27 17:10:13.037 [http-nio-9090-exec-3] INFO  com.jhbim.bimvr.system.shiro.UserPasswordRealm - User [Hash = 956842212, companyId=1, roleId=2, password=e10adc3949ba59abbe56e057f20f883e, salt=null, name=游客, phone=18338644205, createTime=Mon Jul 08 17:20:55 CST 2019, updateTime=Mon Jul 08 17:20:57 CST 2019, version=1, loginFlag=1, openId=null]
2019-09-27 17:10:33.445 [http-nio-9090-exec-5] INFO  com.jhbim.bimvr.system.shiro.UserPasswordRealm - ---------------- 用户密码登录 ----------------------
2019-09-27 17:10:33.449 [http-nio-9090-exec-5] INFO  com.jhbim.bimvr.system.shiro.UserPasswordRealm - User [Hash = 1770884356, companyId=1, roleId=2, password=e10adc3949ba59abbe56e057f20f883e, salt=null, name=游客, phone=18338644205, createTime=Mon Jul 08 17:20:55 CST 2019, updateTime=Mon Jul 08 17:20:57 CST 2019, version=1, loginFlag=1, openId=null]
2019-09-27 17:16:03.447 [SessionValidationThread-1] INFO  o.a.s.session.mgt.AbstractValidatingSessionManager - Validating all active sessions...
2019-09-27 17:16:03.463 [SessionValidationThread-1] INFO  o.a.s.session.mgt.AbstractValidatingSessionManager - Finished session validation.  No sessions were stopped.
2019-09-27 17:23:40.279 [http-nio-9090-exec-6] INFO  com.jhbim.bimvr.system.shiro.UserPasswordRealm - ---------------- 用户密码登录 ----------------------
2019-09-27 17:23:40.296 [http-nio-9090-exec-6] INFO  com.jhbim.bimvr.system.shiro.UserPasswordRealm - User [Hash = 164646164, companyId=1, roleId=2, password=e10adc3949ba59abbe56e057f20f883e, salt=null, name=游客, phone=18338644205, createTime=Mon Jul 08 17:20:55 CST 2019, updateTime=Mon Jul 08 17:20:57 CST 2019, version=1, loginFlag=1, openId=null]
2019-09-27 17:34:52.443 [http-nio-9090-exec-1] INFO  com.jhbim.bimvr.system.shiro.UserPasswordRealm - ---------------- 用户密码登录 ----------------------
2019-09-27 17:34:52.458 [http-nio-9090-exec-1] INFO  com.jhbim.bimvr.system.shiro.UserPasswordRealm - User [Hash = 319507922, companyId=1, roleId=2, password=e10adc3949ba59abbe56e057f20f883e, salt=null, name=游客, phone=18338644205, createTime=Mon Jul 08 17:20:55 CST 2019, updateTime=Mon Jul 08 17:20:57 CST 2019, version=1, loginFlag=1, openId=null]
2019-09-27 17:45:34.035 [http-nio-9090-exec-3] INFO  com.jhbim.bimvr.system.shiro.UserPasswordRealm - ---------------- 用户密码登录 ----------------------
2019-09-27 17:45:34.051 [http-nio-9090-exec-3] INFO  com.jhbim.bimvr.system.shiro.UserPasswordRealm - User [Hash = 988943641, companyId=1, roleId=2, password=e10adc3949ba59abbe56e057f20f883e, salt=null, name=游客, phone=18338644205, createTime=Mon Jul 08 17:20:55 CST 2019, updateTime=Mon Jul 08 17:20:57 CST 2019, version=1, loginFlag=1, openId=null]
2019-09-27 17:46:09.739 [http-nio-9090-exec-6] INFO  com.jhbim.bimvr.system.shiro.UserPasswordRealm - ---------------- 用户密码登录 ----------------------
2019-09-27 17:46:09.743 [http-nio-9090-exec-6] INFO  com.jhbim.bimvr.system.shiro.UserPasswordRealm - User [Hash = 1786628616, companyId=1, roleId=2, password=e10adc3949ba59abbe56e057f20f883e, salt=null, name=游客, phone=18338644205, createTime=Mon Jul 08 17:20:55 CST 2019, updateTime=Mon Jul 08 17:20:57 CST 2019, version=1, loginFlag=1, openId=null]
2019-09-27 17:58:41.789 [http-nio-9090-exec-3] INFO  com.jhbim.bimvr.system.shiro.UserPasswordRealm - ---------------- 用户密码登录 ----------------------
2019-09-27 17:58:41.793 [http-nio-9090-exec-3] INFO  com.jhbim.bimvr.system.shiro.UserPasswordRealm - User [Hash = 2049178492, companyId=1, roleId=2, password=e10adc3949ba59abbe56e057f20f883e, salt=null, name=游客, phone=18338644205, createTime=Mon Jul 08 17:20:55 CST 2019, updateTime=Mon Jul 08 17:20:57 CST 2019, version=1, loginFlag=1, openId=null]
2019-09-27 17:59:06.767 [http-nio-9090-exec-4] INFO  com.jhbim.bimvr.system.shiro.UserPasswordRealm - ---------------- 用户密码登录 ----------------------
2019-09-27 17:59:06.771 [http-nio-9090-exec-4] INFO  com.jhbim.bimvr.system.shiro.UserPasswordRealm - User [Hash = 1911893567, companyId=1, roleId=2, password=e10adc3949ba59abbe56e057f20f883e, salt=null, name=游客, phone=18338644205, createTime=Mon Jul 08 17:20:55 CST 2019, updateTime=Mon Jul 08 17:20:57 CST 2019, version=1, loginFlag=1, openId=null]
2019-09-27 18:01:01.763 [http-nio-9090-exec-7] INFO  com.jhbim.bimvr.system.shiro.UserPasswordRealm - ---------------- 用户密码登录 ----------------------
2019-09-27 18:01:01.777 [http-nio-9090-exec-7] INFO  com.jhbim.bimvr.system.shiro.UserPasswordRealm - User [Hash = 42516150, companyId=1, roleId=2, password=e10adc3949ba59abbe56e057f20f883e, salt=null, name=游客, phone=18338644205, createTime=Mon Jul 08 17:20:55 CST 2019, updateTime=Mon Jul 08 17:20:57 CST 2019, version=1, loginFlag=1, openId=null]
2019-09-27 18:02:58.022 [http-nio-9090-exec-9] INFO  com.jhbim.bimvr.system.shiro.UserPasswordRealm - ---------------- 用户密码登录 ----------------------
2019-09-27 18:02:58.036 [http-nio-9090-exec-9] INFO  com.jhbim.bimvr.system.shiro.UserPasswordRealm - User [Hash = 349046934, companyId=1, roleId=2, password=e10adc3949ba59abbe56e057f20f883e, salt=null, name=游客, phone=18338644205, createTime=Mon Jul 08 17:20:55 CST 2019, updateTime=Mon Jul 08 17:20:57 CST 2019, version=1, loginFlag=1, openId=null]
2019-09-27 18:05:59.682 [http-nio-9090-exec-1] INFO  com.jhbim.bimvr.system.shiro.UserPasswordRealm - ---------------- 用户密码登录 ----------------------
2019-09-27 18:05:59.715 [http-nio-9090-exec-1] INFO  com.jhbim.bimvr.system.shiro.UserPasswordRealm - User [Hash = 1924584656, companyId=1, roleId=2, password=e10adc3949ba59abbe56e057f20f883e, salt=null, name=游客, phone=18338644205, createTime=Mon Jul 08 17:20:55 CST 2019, updateTime=Mon Jul 08 17:20:57 CST 2019, version=1, loginFlag=1, openId=null]
2019-09-27 18:06:45.169 [http-nio-9090-exec-3] INFO  com.jhbim.bimvr.system.shiro.UserPasswordRealm - ---------------- 用户密码登录 ----------------------
2019-09-27 18:06:45.173 [http-nio-9090-exec-3] INFO  com.jhbim.bimvr.system.shiro.UserPasswordRealm - User [Hash = 1990833347, companyId=1, roleId=2, password=e10adc3949ba59abbe56e057f20f883e, salt=null, name=游客, phone=18338644205, createTime=Mon Jul 08 17:20:55 CST 2019, updateTime=Mon Jul 08 17:20:57 CST 2019, version=1, loginFlag=1, openId=null]
2019-09-27 18:07:53.489 [http-nio-9090-exec-4] INFO  com.jhbim.bimvr.system.shiro.UserPasswordRealm - ---------------- 用户密码登录 ----------------------
2019-09-27 18:07:53.504 [http-nio-9090-exec-4] INFO  com.jhbim.bimvr.system.shiro.UserPasswordRealm - User [Hash = 1207527740, companyId=1, roleId=2, password=e10adc3949ba59abbe56e057f20f883e, salt=null, name=游客, phone=18338644205, createTime=Mon Jul 08 17:20:55 CST 2019, updateTime=Mon Jul 08 17:20:57 CST 2019, version=1, loginFlag=1, openId=null]
2019-09-27 18:09:03.146 [http-nio-9090-exec-8] INFO  com.jhbim.bimvr.system.shiro.UserPasswordRealm - ---------------- 用户密码登录 ----------------------
2019-09-27 18:09:03.161 [http-nio-9090-exec-8] INFO  com.jhbim.bimvr.system.shiro.UserPasswordRealm - User [Hash = 1911172357, companyId=1, roleId=2, password=e10adc3949ba59abbe56e057f20f883e, salt=null, name=游客, phone=18338644205, createTime=Mon Jul 08 17:20:55 CST 2019, updateTime=Mon Jul 08 17:20:57 CST 2019, version=1, loginFlag=1, openId=null]
2019-09-27 18:16:03.447 [SessionValidationThread-1] INFO  o.a.s.session.mgt.AbstractValidatingSessionManager - Validating all active sessions...
2019-09-27 18:16:03.462 [SessionValidationThread-1] INFO  o.a.s.session.mgt.AbstractValidatingSessionManager - Finished session validation.  No sessions were stopped.
2019-09-27 19:16:03.447 [SessionValidationThread-1] INFO  o.a.s.session.mgt.AbstractValidatingSessionManager - Validating all active sessions...
2019-09-27 19:16:03.449 [SessionValidationThread-1] INFO  o.a.s.session.mgt.AbstractValidatingSessionManager - Finished session validation.  No sessions were stopped.
2019-09-27 20:16:03.446 [SessionValidationThread-1] INFO  o.a.s.session.mgt.AbstractValidatingSessionManager - Validating all active sessions...
2019-09-27 20:16:03.448 [SessionValidationThread-1] INFO  o.a.s.session.mgt.AbstractValidatingSessionManager - Finished session validation.  No sessions were stopped.
2019-09-27 21:16:03.446 [SessionValidationThread-1] INFO  o.a.s.session.mgt.AbstractValidatingSessionManager - Validating all active sessions...
2019-09-27 21:16:03.448 [SessionValidationThread-1] INFO  o.a.s.session.mgt.AbstractValidatingSessionManager - Finished session validation.  No sessions were stopped.
2019-09-27 22:16:03.447 [SessionValidationThread-1] INFO  o.a.s.session.mgt.AbstractValidatingSessionManager - Validating all active sessions...
2019-09-27 22:16:03.450 [SessionValidationThread-1] INFO  o.a.s.session.mgt.AbstractValidatingSessionManager - Finished session validation.  No sessions were stopped.
2019-09-27 23:16:03.446 [SessionValidationThread-1] INFO  o.a.s.session.mgt.AbstractValidatingSessionManager - Validating all active sessions...
2019-09-27 23:16:03.448 [SessionValidationThread-1] INFO  o.a.s.session.mgt.AbstractValidatingSessionManager - Finished session validation.  No sessions were stopped.
